
Importing Model from XMI
***** Root Package: javax *****
Add Classifier Role: swing
***** Append Package: swing *****
Add Classifier: DefaultDesktopManager
Add Classifier: ArrayTable
Add Classifier: AccessibleJSpinner
Add Classifier: JColorChooser
Add Classifier: JTextPane
Add Classifier: AccessibleJTableHeaderCell
Add Classifier: MenuChangeListener
Add Classifier: JSplitPane
Add Classifier: BaselineGroup
Add Classifier: AccessibleJToolTip
Add Classifier: Scrollable
Add Classifier: SortManager
Add Classifier: outsideTimerAction
Add Classifier: Handler
Add Classifier: JDesktopIcon
Add Classifier: InternalFrameFocusTraversalPolicy
Add Classifier: AccessibleJScrollPane
Add Classifier: AutoPreferredGapMatch
Add Classifier: SwingDropTarget
Add Classifier: ComponentInfo
Add Classifier: HTMLLink
Add Classifier: ActiveValue
Add Classifier: Filter
Add Classifier: AccessibleCellRendererPane
Add Classifier: ListSelectionModel
Add Classifier: AbstractSpring
Add Classifier: OverlayLayout
Add Classifier: HeavyWeightWindow
Add Classifier: Spring
Add Classifier: AccessibleJMenu
Add Classifier: UIResource
Add Classifier: AccessibleJCheckBoxMenuItem
Add Classifier: AccessibleJComboBoxPopupMenuListener
Add Classifier: ComponentKeyStrokePair
Add Classifier: LazyInputMap
Add Classifier: ClientPropertyKey
Add Classifier: JMenuItem
Add Classifier: KeyboardManager
Add Classifier: GapSpring
Add Classifier: AccessibleJSlider
Add Classifier: AccessibleBoxFiller
Add Classifier: NumberEditor
Add Classifier: Resizable3
Add Classifier: JMenu
Add Classifier: DefaultCellEditor
Add Classifier: SortKey
Add Classifier: ComponentInputMap
Add Classifier: PlainEditorKit
Add Classifier: AccessibilityKeyListener
Add Classifier: Constraints
Add Classifier: stillInsideTimerAction
Add Classifier: ComponentPosition
Add Classifier: AccessibleEditor
Add Classifier: CellEditor
Add Classifier: AccessibleJList
Add Classifier: LazyValue
Add Classifier: ButtonChangeListener
Add Classifier: Autoscroller
Add Classifier: CompareTabOrderComparator
Add Classifier: SwingWorkerPropertyChangeSupport
Add Classifier: LayoutComparator
Add Classifier: SizeSequence
Add Classifier: SwingDefaultFocusTraversalPolicy
Add Classifier: LogicalView
Add Classifier: MultiUIDefaultsEnumerator
Add Classifier: JToolTip
Add Classifier: RowSorter
Add Classifier: ContainerAutoPreferredGapSpring
Add Classifier: RegexFilter
Add Classifier: JLabel
Add Classifier: AccessibleProgressMonitor
Add Classifier: PrintMode
Add Classifier: WinListener
Add Classifier: JOptionPane
Add Classifier: DefaultComboBoxModel
Add Classifier: Renderer
Add Classifier: ViewListener
Add Classifier: ScrollPaneLayout
Add Classifier: Alignment
Add Classifier: ComboBoxActionPropertyChangeListener
Add Classifier: DefaultFocusManager
Add Classifier: AccessibleJPasswordField
Add Classifier: StateValue
Add Classifier: SpringMap
Add Classifier: AbstractButton
Add Classifier: ContainerPopup
Add Classifier: CellRendererPane
Add Classifier: AccessibleJTableModelChange
Add Classifier: DebugGraphicsObserver
Add Classifier: PaintManager
Add Classifier: EditorAccessibleContext
Add Classifier: AccessibleJViewport
Add Classifier: NumberEditor
Add Classifier: DefaultToolBarLayout
Add Classifier: TextFieldActionPropertyChangeListener
Add Classifier: JInternalFrame
Add Classifier: AccessibleJTree
Add Classifier: ColorChooserDialog
Add Classifier: BooleanEditor
Add Classifier: NumberFilter
Add Classifier: DoPostEvent
Add Classifier: JRadioButton
Add Classifier: Painter
Add Classifier: ButtonGroup
Add Classifier: ModelWrapper
Add Classifier: BoxLayout
Add Classifier: ThreadSafePrintable
Add Classifier: HeaderParser
Add Classifier: JTextField
Add Classifier: AccessibleJLabel
Add Classifier: SizeRequirements
Add Classifier: LinkInfo
Add Classifier: AccessibleJProgressBar
Add Classifier: DropLocation
Add Classifier: ModelListener
Add Classifier: OrFilter
Add Classifier: WindowConstants
Add Classifier: DynamicUtilTreeNode
Add Classifier: DateEditorFormatter
Add Classifier: JDesktopPane
Add Classifier: FocusLostHandler
Add Classifier: SequentialGroup
Add Classifier: LAFState
Add Classifier: AccessibleJTabbedPane
Add Classifier: DropLocation
Add Classifier: ModelListener
Add Classifier: ComparisonType
Add Classifier: RootLayout
Add Classifier: TransferSupport
Add Classifier: AbstractSpinnerModel
Add Classifier: Spring
Add Classifier: AccessibleJComboBox
Add Classifier: JRadioButtonMenuItem
Add Classifier: AbstractFormatterFactory
Add Classifier: JCheckBox
Add Classifier: AbstractCellEditor
Add Classifier: DefaultRowSorter
Add Classifier: SpinnerModel
Add Classifier: TablePrintable
Add Classifier: HasGetTransferHandler
Add Classifier: SortingFocusTraversalPolicy
Add Classifier: TransferHandler
Add Classifier: AccessibleJMenuBar
Add Classifier: AutoPreferredGapSpring
Add Classifier: DoSubmitAccumulativeRunnable
Add Classifier: AccessibleJFileChooser
Add Classifier: ProgressMonitor
Add Classifier: MenuElement
Add Classifier: DisplayChangedRunnable
Add Classifier: Filler
Add Classifier: MoveBeforeEnterListener
Add Classifier: CancelAction
Add Classifier: LegacyGlueFocusTraversalPolicy
Add Classifier: SumSpring
Add Classifier: PropertyTransferable
Add Classifier: KeyStroke
Add Classifier: UIDefaults
Add Classifier: WeakPCL
Add Classifier: UIManager
Add Classifier: JPopupMenu
Add Classifier: AccessibleJTreeNode
Add Classifier: EditorDelegate
Add Classifier: Separator
Add Classifier: SwingHeavyWeight
Add Classifier: MenuSelectionManager
Add Classifier: DocumentHandler
Add Classifier: MenuItemFocusListener
Add Classifier: Popup
Add Classifier: JLayeredPane
Add Classifier: TreeModelHandler
Add Classifier: AccessibleJRootPane
Add Classifier: Group
Add Classifier: SpringLayout
Add Classifier: ButtonModel
Add Classifier: AccessibleJFrame
Add Classifier: JToolBar
Add Classifier: DefaultButtonModel
Add Classifier: AccessibleJInternalFrame
Add Classifier: NotFilter
Add Classifier: BufferStrategyPaintManager
Add Classifier: DisposeOnClose
Add Classifier: RootPaneContainer
Add Classifier: DefaultAction
Add Classifier: LayerEventController
Add Classifier: AbstractAction
Add Classifier: DefaultListModel
Add Classifier: DisabledAction
Add Classifier: JComponent
Add Classifier: ProcessingRunnable
Add Classifier: TransferAction
Add Classifier: CompoundSpring
Add Classifier: Icon
Add Classifier: AccessibleJOptionPane
Add Classifier: SwingConstants
Add Classifier: Type
Add Classifier: ScrollBar
Add Classifier: JSpinner
Add Classifier: Entry
Add Classifier: OwnedWeakReference
Add Classifier: DebugGraphics
Add Classifier: GenericEditor
Add Classifier: UnsupportedLookAndFeelException
Add Classifier: AccessibleJLayeredPane
Add Classifier: ActionMap
Add Classifier: InputVerifier
Add Classifier: Action
Add Classifier: ModelChange
Add Classifier: AncestorNotifier
Add Classifier: DebugGraphicsFilter
Add Classifier: JSlider
Add Classifier: GeneralFilter
Add Classifier: AccessibleJRadioButtonMenuItem
Add Classifier: AbstractListModel
Add Classifier: JCheckBoxMenuItem
Add Classifier: ListEditor
Add Classifier: ModalPrivilegedAction
Add Classifier: ReadObjectCallback
Add Classifier: DefaultSingleSelectionModel
Add Classifier: UIResource
Add Classifier: LinkVector
Add Classifier: MediumWeightComponent
Add Classifier: JList
Add Classifier: AccessibleJDesktopPane
Add Classifier: AccessibleJPopupMenu
Add Classifier: AccessibleJComboBoxListSelectionListener
Add Classifier: JTextArea
Add Classifier: ButtonKeyBinding
Add Classifier: LightWeightPopup
Add Classifier: DateFilter
Add Classifier: AccessibleJDialog
Add Classifier: SharedOwnerFrame
Add Classifier: ProgressOptionPane
Add Classifier: InputMap
Add Classifier: DesktopManager
Add Classifier: JFileChooser
Add Classifier: ParallelGroup
Add Classifier: JDialog
Add Classifier: ColorTracker
Add Classifier: ProxyLazyValue
Add Classifier: TreeSelectionRedirector
Add Classifier: SingleSelectionModel
Add Classifier: TreeTimer
Add Classifier: ModelListener
Add Classifier: IconRenderer
Add Classifier: IntVector
Add Classifier: SpinnerNumberModel
Add Classifier: ButtonActionPropertyChangeListener
Add Classifier: AccessibleJTable
Add Classifier: EmptySelectionModel
Add Classifier: AccessibleContainerHandler
Add Classifier: SortOrder
Add Classifier: ViewportLayout
Add Classifier: ModelListener
Add Classifier: ListFormatter
Add Classifier: AccessibleJTextField
Add Classifier: LookAndFeelInfo
Add Classifier: ListModel
Add Classifier: RowFilter
Add Classifier: Separator
Add Classifier: SpinnerListModel
Add Classifier: MultiUIDefaults
Add Classifier: AccessibleJPanel
Add Classifier: JWindow
Add Classifier: AndFilter
Add Classifier: LabelKeyBinding
Add Classifier: HeavyWeightPopup
Add Classifier: KeyboardState
Add Classifier: AccessibleBox
Add Classifier: DefaultLayerGlassPane
Add Classifier: AbstractFormatter
Add Classifier: JSeparator
Add Classifier: JScrollBar
Add Classifier: AccessibleJComponent
Add Classifier: WidthSpring
Add Classifier: NumberRenderer
Add Classifier: Row
Add Classifier: ActionStandin
Add Classifier: ComponentSpring
Add Classifier: NegativeSpring
Add Classifier: DefaultBoundedRangeModel
Add Classifier: JComboBox
Add Classifier: DefaultKeySelectionManager
Add Classifier: AccessibleJEditorPane
Add Classifier: DoubleRenderer
Add Classifier: BooleanRenderer
Add Classifier: DefaultEditor
Add Classifier: JPanel
Add Classifier: Closer
Add Classifier: DefaultListSelectionModel
Add Classifier: SpringProxy
Add Classifier: ComponentPlacement
Add Classifier: DragHandler
Add Classifier: AccessibleTableHeader
Add Classifier: Timer
Add Classifier: AccessibleJToggleButton
Add Classifier: ComboBoxModel
Add Classifier: DropLocation
Add Classifier: GrayFilter
Add Classifier: JButton
Add Classifier: HeightSpring
Add Classifier: SwingPaintEventDispatcher
Add Classifier: DateRenderer
Add Classifier: AccessibleJToolBar
Add Classifier: AccessibleJMenuItem
Add Classifier: JEditorPane
Add Classifier: AccessibleJApplet
Add Classifier: FocusPropertyChangeListener
Add Classifier: JEditorPaneAccessibleHypertextSupport
Add Classifier: AccessibleJSeparator
Add Classifier: LayoutFocusTraversalPolicy
Add Classifier: ScaleSpring
Add Classifier: DoubleBufferInfo
Add Classifier: ListSelectionHandler
Add Classifier: AccessibleFocusHandler
Add Classifier: PreferredGapSpring
Add Classifier: ImageIcon
Add Classifier: AccessibleImageIcon
Add Classifier: JApplet
Add Classifier: DateEditor
Add Classifier: CellEditorRemover
Add Classifier: CommitAction
Add Classifier: JTabbedPane
Add Classifier: DropHandler
Add Classifier: JFrame
Add Classifier: JLayer
Add Classifier: SwingWorker
Add Classifier: MutableComboBoxModel
Add Classifier: FocusManager
Add Classifier: DelegatingDefaultFocusManager
Add Classifier: SwingUtilities
Add Classifier: JFormattedTextField
Add Classifier: PlainParagraph
Add Classifier: SpinnerDateModel
Add Classifier: SwingDragGestureRecognizer
Add Classifier: DropLocation
Add Classifier: SwingContainerOrderFocusTraversalPolicy
Add Classifier: NumberEditorFormatter
Add Classifier: GraphicsWrapper
Add Classifier: ScrollPaneConstants
Add Classifier: BufferInfo
Add Classifier: TimerQueue
Add Classifier: ActionPropertyChangeListener
Add Classifier: JTable
Add Classifier: JTree
Add Classifier: ModelListener
Add Classifier: ToolTipManager
Add Classifier: ComboBoxEditor
Add Classifier: DelayedTimer
Add Classifier: Box
Add Classifier: PageLoader
Add Classifier: ProgressMonitorInputStream
Add Classifier: AccessibleJWindow
Add Classifier: BorderFactory
Add Classifier: LookAndFeel
Add Classifier: DropMode
Add Classifier: AccessibleJColorChooser
Add Classifier: NotifyAction
Add Classifier: DefaultListCellRenderer
Add Classifier: AccessibleJEditorPaneHTML
Add Classifier: JViewport
Add Classifier: AccessibleJRadioButton
Add Classifier: PopupFactory
Add Classifier: AccessibleJTableCell
Add Classifier: AccessibleJTextArea
Add Classifier: LegacyLayoutFocusTraversalPolicy
Add Classifier: AccessibleJScrollBar
Add Classifier: KeySelectionManager
Add Classifier: SpringDelta
Add Classifier: AccessibleAbstractButton
Add Classifier: Page
Add Classifier: AccessibleJComboBoxPropertyChangeListener
Add Classifier: JMenuBar
Add Classifier: ListCellRenderer
Add Classifier: MediumWeightPopup
Add Classifier: JPasswordField
Add Classifier: AccessibleJListChild
Add Classifier: HeadlessPopup
Add Classifier: JToggleButton
Add Classifier: ToggleButtonModel
Add Classifier: BoundedRangeModel
Add Classifier: LayoutStyle
Add Classifier: DisplayChangedHandler
Add Classifier: FilterEntry
Add Classifier: DebugGraphicsInfo
Add Classifier: AccessibleJCheckBox
Add Classifier: JRootPane
Add Classifier: Resizable2
Add Classifier: AccessibleJButton
Add Classifier: GroupLayout
Add Classifier: insideTimerAction
Add Classifier: ScrollRepainter
Add Classifier: RepaintManager
Add Classifier: MaxSpring
Add Classifier: JScrollPane
Add Classifier: DefaultFrame
Add Classifier: JProgressBar
Add Classifier: AccessibleJSplitPane
Add Classifier: AccessibleJDesktopIcon
Add Classifier: StaticSpring
Add Classifier Role: text
Add Classifier Role: filechooser
Add Classifier Role: border
Add Classifier Role: colorchooser
Add Classifier Role: event
Add Classifier Role: plaf
Add Classifier Role: table
Add Classifier Role: tree
Add Classifier Role: undo
***** Append Package: border *****
Add Classifier: Border
Add Classifier: AbstractBorder
Add Classifier: SoftBevelBorder
Add Classifier: EtchedBorder
Add Classifier: StrokeBorder
Add Classifier: BevelBorder
Add Classifier: CompoundBorder
Add Classifier: TitledBorder
Add Classifier: MatteBorder
Add Classifier: EmptyBorder
Add Classifier: LineBorder
***** Append Package: colorchooser *****
Add Classifier: DefaultColorSelectionModel
Add Classifier: ColorModel
Add Classifier: ColorModelHSV
Add Classifier: ColorModelCMYK
Add Classifier: RecentSwatchPanel
Add Classifier: DiagramComponent
Add Classifier: SwatchPanel
Add Classifier: DefaultSwatchChooserPanel
Add Classifier: ColorModelHSL
Add Classifier: CenterLayout
Add Classifier: RecentSwatchListener
Add Classifier: ColorSelectionModel
Add Classifier: ColorChooserPanel
Add Classifier: ColorChooserComponentFactory
Add Classifier: MainSwatchPanel
Add Classifier: DefaultPreviewPanel
Add Classifier: SlidingSpinner
Add Classifier: AbstractColorChooserPanel
Add Classifier: MainSwatchListener
Add Classifier: ColorPanel
Add Classifier: SmartGridLayout
Add Classifier: ValueFormatter
***** Append Package: event *****
Add Classifier: CaretListener
Add Classifier: ListSelectionListener
Add Classifier: PopupMenuEvent
Add Classifier: CellEditorListener
Add Classifier: MouseInputAdapter
Add Classifier: ChangeListener
Add Classifier: AncestorListener
Add Classifier: MenuListener
Add Classifier: InternalFrameEvent
Add Classifier: UndoableEditListener
Add Classifier: MenuKeyListener
Add Classifier: EventListenerList
Add Classifier: DocumentListener
Add Classifier: Type
Add Classifier: TableColumnModelEvent
Add Classifier: MenuDragMouseListener
Add Classifier: ElementChange
Add Classifier: TableColumnModelListener
Add Classifier: UndoableEditEvent
Add Classifier: PopupMenuListener
Add Classifier: AncestorEvent
Add Classifier: TreeSelectionEvent
Add Classifier: ListDataEvent
Add Classifier: HyperlinkEvent
Add Classifier: TreeExpansionEvent
Add Classifier: SwingPropertyChangeSupport
Add Classifier: RowSorterEvent
Add Classifier: MenuDragMouseEvent
Add Classifier: ChangeEvent
Add Classifier: TreeModelListener
Add Classifier: HyperlinkListener
Add Classifier: RowSorterListener
Add Classifier: MenuKeyEvent
Add Classifier: MouseInputListener
Add Classifier: TreeModelEvent
Add Classifier: CaretEvent
Add Classifier: TreeSelectionListener
Add Classifier: EventType
Add Classifier: TableModelListener
Add Classifier: InternalFrameAdapter
Add Classifier: ListDataListener
Add Classifier: ListSelectionEvent
Add Classifier: MenuEvent
Add Classifier: TableModelEvent
Add Classifier: DocumentEvent
Add Classifier: TreeWillExpandListener
Add Classifier: InternalFrameListener
Add Classifier: EventType
Add Classifier: TreeExpansionListener
***** Append Package: filechooser *****
Add Classifier: FileSystemView
Add Classifier: WindowsFileSystemView
Add Classifier: FileFilter
Add Classifier: FileSystemRoot
Add Classifier: GenericFileSystemView
Add Classifier: UnixFileSystemView
Add Classifier: FileNameExtensionFilter
Add Classifier: FileView
***** Append Package: plaf *****
Add Classifier: DesktopPaneUI
Add Classifier: ActionMapUIResource
Add Classifier: TableHeaderUI
Add Classifier: SplitPaneUI
Add Classifier: EtchedBorderUIResource
Add Classifier: DesktopIconUI
Add Classifier: TreeUI
Add Classifier: ToolBarUI
Add Classifier: ColorUIResource
Add Classifier: PopupMenuUI
Add Classifier: EmptyBorderUIResource
Add Classifier: BevelBorderUIResource
Add Classifier: TabbedPaneUI
Add Classifier: InternalFrameUI
Add Classifier: TitledBorderUIResource
Add Classifier: InsetsUIResource
Add Classifier: ListUI
Add Classifier: ComponentInputMapUIResource
Add Classifier: ComboBoxUI
Add Classifier: IconUIResource
Add Classifier: LineBorderUIResource
Add Classifier: TextUI
Add Classifier: BorderUIResource
Add Classifier: ScrollPaneUI
Add Classifier: ButtonUI
Add Classifier: ProgressBarUI
Add Classifier: InputMapUIResource
Add Classifier: MatteBorderUIResource
Add Classifier: TableUI
Add Classifier: MenuBarUI
Add Classifier: FileChooserUI
Add Classifier: SeparatorUI
Add Classifier: SliderUI
Add Classifier: ScrollBarUI
Add Classifier: OptionPaneUI
Add Classifier: SpinnerUI
Add Classifier: LayerUI
Add Classifier: ColorChooserUI
Add Classifier: LabelUI
Add Classifier: ComponentUI
Add Classifier: FontUIResource
Add Classifier: ToolTipUI
Add Classifier: RootPaneUI
Add Classifier: CompoundBorderUIResource
Add Classifier: MenuItemUI
Add Classifier: ViewportUI
Add Classifier: PanelUI
Add Classifier: DimensionUIResource
Add Classifier: UIResource
Add Classifier Role: metal
Add Classifier Role: nimbus
Add Classifier Role: multi
Add Classifier Role: basic
Add Classifier Role: synth
***** Append Package: basic *****
Add Classifier: BasicTableUI
Add Classifier: BasicLabelUI
Add Classifier: KeyboardEndHandler
Add Classifier: Handler
Add Classifier: ColorTransferHandler
Add Classifier: Handler
Add Classifier: PropertyChangeHandler
Add Classifier: Handler
Add Classifier: BasicDesktopManager
Add Classifier: ComponentHandler
Add Classifier: BasicTextFieldUI
Add Classifier: BasicHTML
Add Classifier: ShowSystemMenuAction
Add Classifier: CheckBoxIcon
Add Classifier: VSBChangeListener
Add Classifier: FocusHandler
Add Classifier: ComponentHandler
Add Classifier: FocusAction
Add Classifier: BasicHTMLViewFactory
Add Classifier: SystemMenuBar
Add Classifier: Actions
Add Classifier: Actions
Add Classifier: BasicHorizontalLayoutManager
Add Classifier: Handler
Add Classifier: BasicColorChooserUI
Add Classifier: BasicComboBoxUI
Add Classifier: ChangeHandler
Add Classifier: PropertyHandler
Add Classifier: TrackListener
Add Classifier: BasicSliderUI
Add Classifier: DividerLayout
Add Classifier: Actions
Add Classifier: Actions
Add Classifier: EmptyListModelClass
Add Classifier: MouseHandler
Add Classifier: GlobFilter
Add Classifier: ChangeToParentDirectoryAction
Add Classifier: CellEditorHandler
Add Classifier: NoFocusButton
Add Classifier: MenuItemCheckIcon
Add Classifier: FieldBorder
Add Classifier: UIResource
Add Classifier: PropertyChangeHandler
Add Classifier: AutoScrollActionHandler
Add Classifier: BasicFileView
Add Classifier: ItemHandler
Add Classifier: Handler
Add Classifier: BasicTextAreaUI
Add Classifier: RolloverMarginBorder
Add Classifier: TreeTransferHandler
Add Classifier: BasicViewportUI
Add Classifier: PropertyChangeHandler
Add Classifier: ListSelectionHandler
Add Classifier: PropertyChangeHandler
Add Classifier: InvocationMouseHandler
Add Classifier: BasicSeparatorUI
Add Classifier: ListDataHandler
Add Classifier: TreeIncrementAction
Add Classifier: BasicGraphicsUtils
Add Classifier: ApproveSelectionAction
Add Classifier: VerticalDragController
Add Classifier: MaximizeAction
Add Classifier: InvocationMouseMotionHandler
Add Classifier: BasicEditorPaneUI
Add Classifier: RolloverButtonBorder
Add Classifier: BasicLookAndFeel
Add Classifier: ToolBarFocusListener
Add Classifier: NavigateAction
Add Classifier: MouseInputHandler
Add Classifier: SharedActionScroller
Add Classifier: Handler
Add Classifier: BasicMenuUI
Add Classifier: UIResource
Add Classifier: RadioButtonIcon
Add Classifier: Actions
Add Classifier: DragListener
Add Classifier: BasicPopupMenuSeparatorUI
Add Classifier: Handler
Add Classifier: MouseGrabber
Add Classifier: BasicListUI
Add Classifier: Actions
Add Classifier: DefaultKeySelectionManager
Add Classifier: ScrollableTabViewport
Add Classifier: BasicEditorKit
Add Classifier: BasicToolBarUI
Add Classifier: PropertyChangeHandler
Add Classifier: Handler
Add Classifier: MouseInputHandler
Add Classifier: ComponentHandler
Add Classifier: InvocationKeyHandler
Add Classifier: BasicDocument
Add Classifier: BasicRadioButtonUI
Add Classifier: BasicMenuBarUI
Add Classifier: RootView
Add Classifier: KeyHandler
Add Classifier: LoadFilesThread
Add Classifier: TabbedPaneLayout
Add Classifier: BasicComboPopup
Add Classifier: MarginBorder
Add Classifier: ToolBarContListener
Add Classifier: FocusHandler
Add Classifier: BasicTableHeaderUI
Add Classifier: CloseAction
Add Classifier: BasicMenuKeyListener
Add Classifier: CenterLayout
Add Classifier: HSBChangeListener
Add Classifier: BasicToggleButtonUI
Add Classifier: CancelSelectionAction
Add Classifier: BasicButtonListener
Add Classifier: BasicHighlighter
Add Classifier: KeyboardHomeHandler
Add Classifier: Animator
Add Classifier: DoChangeContents
Add Classifier: LazyActionMap
Add Classifier: BasicTreeUI
Add Classifier: Handler
Add Classifier: BasicSpinnerUI
Add Classifier: BasicVerticalLayoutManager
Add Classifier: Actions
Add Classifier: MouseInputHandler
Add Classifier: KeyboardResizeToggleHandler
Add Classifier: Actions
Add Classifier: BasicRootPaneUI
Add Classifier: Handler
Add Classifier: TitlePaneLayout
Add Classifier: Actions
Add Classifier: Handler
Add Classifier: MouseWheelHandler
Add Classifier: TreeTraverseAction
Add Classifier: TextTransferHandler
Add Classifier: Actions
Add Classifier: TableTransferHandler
Add Classifier: DragRecognitionSupport
Add Classifier: KeyHandler
Add Classifier: Handler
Add Classifier: RootPaneInputMap
Add Classifier: I18nFieldView
Add Classifier: Handler
Add Classifier: Renderer
Add Classifier: PropertyChangeHandler
Add Classifier: ComboPopup
Add Classifier: OpenAction
Add Classifier: BasicMenuItemUI
Add Classifier: Actions
Add Classifier: ButtonAreaLayout
Add Classifier: BasicToolBarSeparatorUI
Add Classifier: PropertyChangeHandler
Add Classifier: BasicBorders
Add Classifier: FocusHandler
Add Classifier: MouseHandler
Add Classifier: GlassPaneDispatcher
Add Classifier: MouseInputHandler
Add Classifier: BasicInternalFrameListener
Add Classifier: TextActionWrapper
Add Classifier: ConstrainedButton
Add Classifier: InternalFramePropertyChangeListener
Add Classifier: Actions
Add Classifier: ListSelectionHandler
Add Classifier: BasicInternalFrameTitlePane
Add Classifier: DockingListener
Add Classifier: Handler
Add Classifier: ScrollListener
Add Classifier: ListDataHandler
Add Classifier: ButtonBorder
Add Classifier: PropertyChangeHandler
Add Classifier: BasicCaret
Add Classifier: SelectionModelPropertyChangeHandler
Add Classifier: FocusHandler
Add Classifier: ListDataHandler
Add Classifier: DoubleClickListener
Add Classifier: BasicPanelUI
Add Classifier: BorderlessTextField
Add Classifier: DragController
Add Classifier: BasicRadioButtonMenuItemUI
Add Classifier: Handler
Add Classifier: EmptyFrameIcon
Add Classifier: MultiplexingTextField
Add Classifier: InternalFrameLayout
Add Classifier: PropertyChangeHandler
Add Classifier: BorderListener
Add Classifier: AWTEventHelper
Add Classifier: ListMouseMotionHandler
Add Classifier: MenuItemArrowIcon
Add Classifier: MoveAction
Add Classifier: CloseAction
Add Classifier: Actions
Add Classifier: BasicDirectoryModel
Add Classifier: Handler
Add Classifier: RadioButtonMenuItemIcon
Add Classifier: BasicComboBoxEditor
Add Classifier: ScrollableTabButton
Add Classifier: MouseInputHandler
Add Classifier: PropertyChangeHandler
Add Classifier: BasicIconFactory
Add Classifier: ItemHandler
Add Classifier: MaximizeAction
Add Classifier: BasicButtonUI
Add Classifier: FocusHandler
Add Classifier: BasicFileChooserUI
Add Classifier: KeyHandler
Add Classifier: TreeSelectionHandler
Add Classifier: DefaultMenuLayout
Add Classifier: PropertyListener
Add Classifier: BasicArrowButton
Add Classifier: Actions
Add Classifier: ButtonFactory
Add Classifier: ChangeHandler
Add Classifier: AudioAction
Add Classifier: TabSelectionHandler
Add Classifier: CroppedEdge
Add Classifier: KeyboardDownRightHandler
Add Classifier: BasicScrollPaneUI
Add Classifier: BasicSplitPaneUI
Add Classifier: BasicFormattedTextFieldUI
Add Classifier: BasicDesktopIconUI
Add Classifier: PlainParagraph
Add Classifier: MinimizeAction
Add Classifier: ListMouseHandler
Add Classifier: TextTransferable
Add Classifier: MenuKeyboardHelper
Add Classifier: BasicTextUI
Add Classifier: Handler
Add Classifier: RestoreAction
Add Classifier: ActionScroller
Add Classifier: ListTransferHandler
Add Classifier: FrameListener
Add Classifier: MenuArrowIcon
Add Classifier: BasicPasswordFieldUI
Add Classifier: FocusHandler
Add Classifier: ScrollListener
Add Classifier: BeforeDrag
Add Classifier: MouseHandler
Add Classifier: GoHomeAction
Add Classifier: TreeExpansionHandler
Add Classifier: NodeDimensionsHandler
Add Classifier: Actions
Add Classifier: BasicOptionPaneUI
Add Classifier: AcceptAllFileFilter
Add Classifier: TabContainer
Add Classifier: SplitPaneDividerBorder
Add Classifier: NewFolderAction
Add Classifier: BasicSplitPaneDivider
Add Classifier: PropertyChangeHandler
Add Classifier: ChangeHandler
Add Classifier: TreeCancelEditingAction
Add Classifier: FocusHandler
Add Classifier: BasicTabbedPaneUI
Add Classifier: BasicScrollBarUI
Add Classifier: SelectionListener
Add Classifier: Actions
Add Classifier: ButtonActionListener
Add Classifier: Actions
Add Classifier: Handler
Add Classifier: TreeModelHandler
Add Classifier: BasicPopupMenuUI
Add Classifier: OneTouchActionHandler
Add Classifier: KeyboardUpLeftHandler
Add Classifier: SplitPaneBorder
Add Classifier: PropertyHandler
Add Classifier: Actions
Add Classifier: FileTransferHandler
Add Classifier: ScrollableTabPanel
Add Classifier: ToggleButtonBorder
Add Classifier: BasicInternalFrameUI
Add Classifier: TreeHomeAction
Add Classifier: BasicCursor
Add Classifier: LogicalView
Add Classifier: BasicPopupMenuListener
Add Classifier: CheckBoxMenuItemIcon
Add Classifier: BasicCheckBoxUI
Add Classifier: ScrollableTabSupport
Add Classifier: Handler
Add Classifier: UpdateAction
Add Classifier: Actions
Add Classifier: TreePageAction
Add Classifier: UpdateHandler
Add Classifier: TreeToggleAction
Add Classifier: DragWindow
Add Classifier: ArrowButtonListener
Add Classifier: BasicCheckBoxMenuItemUI
Add Classifier: MenuBarBorder
Add Classifier: Handler
Add Classifier: ArrowButtonHandler
Add Classifier: ViewportChangeHandler
Add Classifier: BasicTextPaneUI
Add Classifier: Handler
Add Classifier: TrackListener
Add Classifier: SizeAction
Add Classifier: FileTransferable
Add Classifier: Handler
Add Classifier: BasicToolTipUI
Add Classifier: BasicProgressBarUI
Add Classifier: BasicComboBoxRenderer
Add Classifier: BasicTransferable
Add Classifier: Actions
Add Classifier: ComboBoxLayoutManager
Add Classifier: BasicDesktopPaneUI
Add Classifier: IconifyAction
Add Classifier: RadioButtonBorder
Add Classifier: TabbedPaneScrollLayout
Add Classifier: MouseInputHandler
Add Classifier: MouseInputHandler
Add Classifier: StyleSheetUIResource
Add Classifier: ModelListener
***** Append Package: metal *****
Add Classifier: COIcon
Add Classifier: ImageCacher
Add Classifier: MetalTreeUI
Add Classifier: MenuItemBorder
Add Classifier: MetalToolBarUI
Add Classifier: MenuItemArrowIcon
Add Classifier: ImageGcPair
Add Classifier: InternalFrameDefaultMenuIcon
Add Classifier: MetalHighContrastTheme
Add Classifier: ToolBarBorder
Add Classifier: MetalComboBoxEditor
Add Classifier: ErrorDialogBorder
Add Classifier: BumpBuffer
Add Classifier: ToggleButtonBorder
Add Classifier: FileChooserNewFolderIcon
Add Classifier: MetalInternalFrameUI
Add Classifier: BorderListener1
Add Classifier: MetalFileChooserUIAccessor
Add Classifier: UIResource
Add Classifier: MetalScrollButton
Add Classifier: MetalComboBoxIcon
Add Classifier: FontActiveValue
Add Classifier: MetalPropertyListener
Add Classifier: MetalUtils
Add Classifier: TreeControlIcon
Add Classifier: MetalTheme
Add Classifier: MetalTabbedPaneUI
Add Classifier: TreeComputerIcon
Add Classifier: MetalComboBoxButton
Add Classifier: MetalIconFactory
Add Classifier: MetalTitlePane
Add Classifier: OceanTheme
Add Classifier: MetalToolTipUI
Add Classifier: TitlePaneLayout
Add Classifier: OceanToolBarImageFilter
Add Classifier: MetalRootLayout
Add Classifier: SingleClickListener
Add Classifier: FileChooserHomeFolderIcon
Add Classifier: InternalFrameCloseIcon
Add Classifier: MetalRolloverListener
Add Classifier: InternalFrameMaximizeIcon
Add Classifier: TableHeaderBorder
Add Classifier: MetalComboBoxLayoutManager
Add Classifier: Flush3DBorder
Add Classifier: InternalFrameBorder
Add Classifier: RolloverMarginBorder
Add Classifier: OceanHorizontalSliderThumbIcon
Add Classifier: FilterComboBoxModel
Add Classifier: MetalButtonUI
Add Classifier: MetalSeparatorUI
Add Classifier: QuestionDialogBorder
Add Classifier: MetalLookAndFeel
Add Classifier: MetalInternalFrameTitlePane
Add Classifier: FileChooserDetailViewIcon
Add Classifier: MaximizeAction
Add Classifier: TreeFloppyDriveIcon
Add Classifier: MetalComboBoxUI
Add Classifier: FrameBorder
Add Classifier: MetalPropertyChangeListener
Add Classifier: VerticalSliderThumbIcon
Add Classifier: SystemMenuBar
Add Classifier: EditorBorder
Add Classifier: AlignedLabel
Add Classifier: TitleListener
Add Classifier: DirectoryComboBoxAction
Add Classifier: MetalDividerLayout
Add Classifier: MetalLabelUI
Add Classifier: MetalComboPopup
Add Classifier: MetalRootPaneUI
Add Classifier: MetalFileChooserUI
Add Classifier: MetalContainerListener
Add Classifier: RestoreAction
Add Classifier: MenuBarBorder
Add Classifier: MenuArrowIcon
Add Classifier: DirectoryComboBoxModel
Add Classifier: ButtonAreaLayout
Add Classifier: MetalPropertyChangeHandler
Add Classifier: TreeLeafIcon
Add Classifier: TextFieldBorder
Add Classifier: MetalBorders
Add Classifier: MetalScrollPaneUI
Add Classifier: MetalPopupMenuSeparatorUI
Add Classifier: PropertyChangeHandler
Add Classifier: MetalCheckBoxIcon
Add Classifier: WindowHandler
Add Classifier: DialogBorder
Add Classifier: MetalRadioButtonUI
Add Classifier: WindowsFontDelegate
Add Classifier: FileRenderer
Add Classifier: FileChooserUpFolderIcon
Add Classifier: ScrollBarListener
Add Classifier: ScrollPaneBorder
Add Classifier: MetalBumps
Add Classifier: MetalDesktopIconUI
Add Classifier: RolloverButtonBorder
Add Classifier: FileChooserListViewIcon
Add Classifier: MetalSplitPaneDivider
Add Classifier: ButtonBorder
Add Classifier: FileIcon16
Add Classifier: CheckBoxMenuItemIcon
Add Classifier: MetalCheckBoxUI
Add Classifier: InternalFrameMinimizeIcon
Add Classifier: FolderIcon16
Add Classifier: IndentIcon
Add Classifier: IconifyAction
Add Classifier: PaletteBorder
Add Classifier: FilterComboBoxRenderer
Add Classifier: MetalScrollBarUI
Add Classifier: DirectoryComboBoxRenderer
Add Classifier: MetalTitlePaneLayout
Add Classifier: MouseInputHandler
Add Classifier: MetalLazyValue
Add Classifier: TreeHardDriveIcon
Add Classifier: MetalSliderUI
Add Classifier: OceanVerticalSliderThumbIcon
Add Classifier: MetalLayoutStyle
Add Classifier: CheckBoxIcon
Add Classifier: RadioButtonMenuItemIcon
Add Classifier: MetalTextFieldUI
Add Classifier: MetalFontDesktopProperty
Add Classifier: IFIcon
Add Classifier: RadioButtonIcon
Add Classifier: WarningDialogBorder
Add Classifier: MetalProgressBarUI
Add Classifier: PaletteCloseIcon
Add Classifier: TreeFolderIcon
Add Classifier: MetalDockingListener
Add Classifier: MetalPropertyChangeHandler
Add Classifier: MetalSplitPaneUI
Add Classifier: OceanDisabledButtonImageFilter
Add Classifier: PopupMenuBorder
Add Classifier: AATextListener
Add Classifier: DefaultMetalTheme
Add Classifier: FontDelegate
Add Classifier: LineListener
Add Classifier: OptionDialogBorder
Add Classifier: TabbedPaneLayout
Add Classifier: GradientPainter
Add Classifier: HorizontalSliderThumbIcon
Add Classifier: InternalFrameAltMaximizeIcon
Add Classifier: MetalToggleButtonUI
Add Classifier: CloseAction
Add Classifier: MetalMenuBarUI
***** Append Package: multi *****
Add Classifier: MultiScrollBarUI
Add Classifier: MultiDesktopIconUI
Add Classifier: MultiDesktopPaneUI
Add Classifier: MultiSeparatorUI
Add Classifier: MultiRootPaneUI
Add Classifier: MultiButtonUI
Add Classifier: MultiFileChooserUI
Add Classifier: MultiMenuBarUI
Add Classifier: MultiPanelUI
Add Classifier: MultiTabbedPaneUI
Add Classifier: MultiOptionPaneUI
Add Classifier: MultiComboBoxUI
Add Classifier: MultiTextUI
Add Classifier: MultiSpinnerUI
Add Classifier: MultiListUI
Add Classifier: MultiPopupMenuUI
Add Classifier: MultiMenuItemUI
Add Classifier: MultiLabelUI
Add Classifier: MultiLookAndFeel
Add Classifier: MultiViewportUI
Add Classifier: MultiTableHeaderUI
Add Classifier: MultiToolBarUI
Add Classifier: MultiInternalFrameUI
Add Classifier: MultiColorChooserUI
Add Classifier: MultiScrollPaneUI
Add Classifier: MultiTreeUI
Add Classifier: MultiSplitPaneUI
Add Classifier: MultiProgressBarUI
Add Classifier: MultiUIDefaults
Add Classifier: MultiTableUI
Add Classifier: MultiToolTipUI
Add Classifier: MultiSliderUI
***** Append Package: nimbus *****
Add Classifier: SliderTrackArrowShapeState
Add Classifier: CacheMode
Add Classifier: InnerShadowEffect
Add Classifier: TextFieldPainter
Add Classifier: Values
Add Classifier: InternalFrameTitlePaneMaximizeButtonWindowNotFocusedState
Add Classifier: SliderThumbPainter
Add Classifier: InternalFramePainter
Add Classifier: SliderTrackPainter
Add Classifier: CacheKey
Add Classifier: State
Add Classifier: TabbedPanePainter
Add Classifier: OptionPanePainter
Add Classifier: SliderArrowShapeState
Add Classifier: PopupMenuPainter
Add Classifier: DropShadowEffect
Add Classifier: SliderThumbArrowShapeState
Add Classifier: PainterBorder
Add Classifier: ScrollBarTrackPainter
Add Classifier: TableHeaderRendererPainter
Add Classifier: ColorTree
Add Classifier: ToolBarButtonPainter
Add Classifier: TreeCellPainter
Add Classifier: MenuItemPainter
Add Classifier: ToggleButtonPainter
Add Classifier: CheckBoxMenuItemPainter
Add Classifier: InternalFrameTitlePanePainter
Add Classifier: SpinnerPanelSpinnerFormattedTextFieldPainter
Add Classifier: MenuBarMenuPainter
Add Classifier: SpinnerNextButtonPainter
Add Classifier: TableHeaderPainter
Add Classifier: PixelCountSoftReference
Add Classifier: InternalFrameTitlePaneCloseButtonWindowNotFocusedState
Add Classifier: FormattedTextFieldPainter
Add Classifier: NimbusProperty
Add Classifier: ToolBarToggleButtonPainter
Add Classifier: LinkProperty
Add Classifier: ComboBoxPainter
Add Classifier: InternalFrameTitlePaneIconifyButtonWindowNotFocusedState
Add Classifier: ToolBarPainter
Add Classifier: ArrowButtonPainter
Add Classifier: DerivedColor
Add Classifier: ButtonPainter
Add Classifier: InternalFrameTitlePaneCloseButtonPainter
Add Classifier: SplitPaneVerticalState
Add Classifier: DesktopPanePainter
Add Classifier: OptionPaneMessageAreaPainter
Add Classifier: Part
Add Classifier: UIResource
Add Classifier: ImageCache
Add Classifier: ScrollBarPainter
Add Classifier: TreeCellEditorPainter
Add Classifier: InnerGlowEffect
Add Classifier: TreePainter
Add Classifier: FileChooserPainter
Add Classifier: TextAreaNotInScrollPaneState
Add Classifier: InternalFrameTitlePaneMaximizeButtonWindowMaximizedState
Add Classifier: DefaultsListener
Add Classifier: InternalFrameTitlePaneWindowFocusedState
Add Classifier: PaintType
Add Classifier: ToolBarNorthState
Add Classifier: RadioButtonMenuItemPainter
Add Classifier: ToolBarWestState
Add Classifier: NimbusDefaults
Add Classifier: DerivedFont
Add Classifier: Effect
Add Classifier: ScrollBarButtonPainter
Add Classifier: ProgressBarPainter
Add Classifier: LoweredBorder
Add Classifier: ScrollPanePainter
Add Classifier: SynthPainterImpl
Add Classifier: OuterGlowEffect
Add Classifier: EffectUtils
Add Classifier: RuntimeState
Add Classifier: ComboBoxArrowButtonPainter
Add Classifier: ToolBarSeparatorPainter
Add Classifier: TabbedPaneTabPainter
Add Classifier: ToolBarEastState
Add Classifier: TabbedPaneTabAreaPainter
Add Classifier: TextAreaPainter
Add Classifier: ArrayCache
Add Classifier: ProgressBarFinishedState
Add Classifier: ShadowEffect
Add Classifier: LazyStyle
Add Classifier: InternalFrameTitlePaneMenuButtonPainter
Add Classifier: PaintContext
Add Classifier: Node
Add Classifier: SeparatorPainter
Add Classifier: StandardState
Add Classifier: PasswordFieldPainter
Add Classifier: PopupMenuSeparatorPainter
Add Classifier: SplitPaneDividerPainter
Add Classifier: SpinnerPainter
Add Classifier: InternalFrameTitlePaneIconifyButtonPainter
Add Classifier: RadioButtonPainter
Add Classifier: NimbusLookAndFeel
Add Classifier: SpinnerPreviousButtonPainter
Add Classifier: TableHeaderRendererSortedState
Add Classifier: InternalFrameTitlePaneMenuButtonWindowNotFocusedState
Add Classifier: InternalFrameWindowFocusedState
Add Classifier: DesktopIconPainter
Add Classifier: ScrollBarThumbPainter
Add Classifier: NimbusIcon
Add Classifier: EditorPanePainter
Add Classifier: ComboBoxTextFieldPainter
Add Classifier: TextPanePainter
Add Classifier: TableScrollPaneCorner
Add Classifier: ProgressBarIndeterminateState
Add Classifier: EffectType
Add Classifier: LazyPainter
Add Classifier: AbstractRegionPainter
Add Classifier: InternalFrameTitlePaneMaximizeButtonPainter
Add Classifier: MenuPainter
Add Classifier: ImageScalingHelper
Add Classifier: SplitPaneDividerVerticalState
Add Classifier: OptionPaneMessageAreaOptionPaneLabelPainter
Add Classifier: ToolTipPainter
Add Classifier: ComboBoxArrowButtonEditableState
Add Classifier: NimbusStyle
Add Classifier: TableEditorPainter
Add Classifier: SplitPanePainter
Add Classifier: SliderPainter
Add Classifier: ToolBarSouthState
Add Classifier: MenuBarPainter
Add Classifier: ComboBoxEditableState
Add Classifier: DefaultsListener
Add Classifier: CheckBoxPainter
***** Append Package: synth *****
Add Classifier: PainterInfo
Add Classifier: DelegatingPainter
Add Classifier: SynthDesktopIconUI
Add Classifier: ExpandedIconWrapper
Add Classifier: SynthContext
Add Classifier: SynthToolBarLayoutManager
Add Classifier: SynthProgressBarUI
Add Classifier: SynthTabbedPaneUI
Add Classifier: EditorFocusHandler
Add Classifier: SynthViewportUI
Add Classifier: SynthMenuBarUI
Add Classifier: SynthPanelUI
Add Classifier: SynthScrollPaneUI
Add Classifier: ViewportBorder
Add Classifier: SynthListCellRenderer
Add Classifier: StateInfo
Add Classifier: SynthArrowButtonUI
Add Classifier: SynthCheckBoxUI
Add Classifier: SpinnerLayout
Add Classifier: SynthDesktopPaneUI
Add Classifier: SynthInternalFrameUI
Add Classifier: SynthSliderUI
Add Classifier: SynthRadioButtonMenuItemUI
Add Classifier: SynthSeparatorUI
Add Classifier: SynthTreeCellEditor
Add Classifier: SynthStyle
Add Classifier: SynthInternalFrameTitlePane
Add Classifier: AATextListener
Add Classifier: SynthTextAreaUI
Add Classifier: SynthPasswordFieldUI
Add Classifier: SynthFormattedTextFieldUI
Add Classifier: SynthTableHeaderUI
Add Classifier: SynthMenuItemLayoutHelper
Add Classifier: SynthScrollableTabButton
Add Classifier: SynthUI
Add Classifier: SynthMenuLayout
Add Classifier: SynthTrackListener
Add Classifier: ColorType
Add Classifier: SynthSplitPaneUI
Add Classifier: SynthMenuItemUI
Add Classifier: SynthTextFieldUI
Add Classifier: SynthComboBoxUI
Add Classifier: JPopupMenuUIResource
Add Classifier: SynthPainter
Add Classifier: ImagePainter
Add Classifier: Handler
Add Classifier: SynthTreeUI
Add Classifier: Handler
Add Classifier: LazyImageIcon
Add Classifier: SynthButtonUI
Add Classifier: SynthToggleButtonUI
Add Classifier: SynthSplitPaneDivider
Add Classifier: SynthToolTipUI
Add Classifier: SynthTableUI
Add Classifier: SynthEditorPaneUI
Add Classifier: SynthOptionPaneUI
Add Classifier: SynthColorChooserUI
Add Classifier: SynthBooleanTableCellRenderer
Add Classifier: SynthDesktopManager
Add Classifier: SynthParser
Add Classifier: SynthRootPaneUI
Add Classifier: SynthArrowButton
Add Classifier: AggregatePainter
Add Classifier: SynthComboBoxRenderer
Add Classifier: SynthTableCellRenderer
Add Classifier: ParsedSynthStyle
Add Classifier: Handler
Add Classifier: SynthDefaultLookup
Add Classifier: SynthTextPaneUI
Add Classifier: SynthCheckBoxMenuItemUI
Add Classifier: HeaderRenderer
Add Classifier: SynthSpinnerUI
Add Classifier: EditorFocusHandler
Add Classifier: Handler
Add Classifier: SynthLabelUI
Add Classifier: SynthComboBoxEditor
Add Classifier: SynthRadioButtonUI
Add Classifier: SynthPopupMenuUI
Add Classifier: SynthListUI
Add Classifier: SynthScrollBarUI
Add Classifier: SynthBorder
Add Classifier: TaskBar
Add Classifier: SynthIconWrapper
Add Classifier: SynthToolBarUI
Add Classifier: SynthTitlePaneLayout
Add Classifier: SynthLookAndFeel
Add Classifier: ViewportViewFocusHandler
Add Classifier: SynthMenuUI
Add Classifier: SynthConstants
Add Classifier: DefaultSynthStyleFactory
Add Classifier: ButtonHandler
Add Classifier: SynthStyleFactory
Add Classifier: SynthTreeCellRenderer
Add Classifier: SynthGraphicsUtils
Add Classifier: Region
Add Classifier: SynthComboPopup
***** Append Package: table *****
Add Classifier: TableRowSorter
Add Classifier: ComparableComparator
Add Classifier: AccessibleJTableHeader
Add Classifier: DefaultTableColumnModel
Add Classifier: AccessibleJTableHeaderEntry
Add Classifier: TableCellRenderer
Add Classifier: JTableHeader
Add Classifier: DefaultTableCellRenderer
Add Classifier: TableColumn
Add Classifier: DefaultTableModel
Add Classifier: TableRowSorterModelWrapper
Add Classifier: UIResource
Add Classifier: AbstractTableModel
Add Classifier: TableModel
Add Classifier: TableColumnModel
Add Classifier: TableCellEditor
Add Classifier: TableStringConverter
***** Append Package: text *****
Add Classifier: MutableAttributeSet
Add Classifier: SelectLineAction
Add Classifier: SafeScroller
Add Classifier: ReadOnlyAction
Add Classifier: DefaultCaret
Add Classifier: NamedStyle
Add Classifier: TabSet
Add Classifier: ColorConstants
Add Classifier: MarkVector
Add Classifier: ZoneView
Add Classifier: SectionElement
Add Classifier: HighlightPainter
Add Classifier: Row
Add Classifier: ParagraphConstants
Add Classifier: StyledInsertBreakAction
Add Classifier: DocumentFilter
Add Classifier: PageAction
Add Classifier: AbstractElement
Add Classifier: TextLayoutStrategy
Add Classifier: AbstractDocument
Add Classifier: InsertTabAction
Add Classifier: NumberFormatter
Add Classifier: PasswordView
Add Classifier: CachedSegment
Add Classifier: FlowStrategy
Add Classifier: IconView
Add Classifier: LayoutQueue
Add Classifier: InsertContentAction
Add Classifier: SelectWordAction
Add Classifier: GlyphPainter2
Add Classifier: MarkData
Add Classifier: KeyBinding
Add Classifier: AttributeTracker
Add Classifier: SegmentCache
Add Classifier: FlushTask
Add Classifier: FontConstants
Add Classifier: FieldView
Add Classifier: FlowView
Add Classifier: DefaultEditorKit
Add Classifier: JTextComponent
Add Classifier: TabStop
Add Classifier: SimpleAttributeSet
Add Classifier: InsertBreakAction
Add Classifier: DefaultTextUI
Add Classifier: AbstractChangeHandler
Add Classifier: LowerCaseCharacter
Add Classifier: AlignmentAction
Add Classifier: ForegroundAction
Add Classifier: DoSetCaretPosition
Add Classifier: FontSizeAction
Add Classifier: LayeredHighlightInfo
Add Classifier: IncrementAction
Add Classifier: DefaultFilterBypass
Add Classifier: ElementBuffer
Add Classifier: GapContent
Add Classifier: TabExpander
Add Classifier: UpperCaseCharacter
Add Classifier: BeginLineAction
Add Classifier: UndoRedoDocumentEvent
Add Classifier: NextVisualPositionAction
Add Classifier: StyledEditorKit
Add Classifier: DumpModelAction
Add Classifier: JustificationInfo
Add Classifier: LayeredHighlighter
Add Classifier: SmallAttributeSet
Add Classifier: DefaultHighlightPainter
Add Classifier: TableRow
Add Classifier: DocReference
Add Classifier: ComponentView
Add Classifier: KeyBuilder
Add Classifier: DefaultStyledDocument
Add Classifier: PasteAction
Add Classifier: ElementIterator
Add Classifier: CharacterAttribute
Add Classifier: AsyncBoxView
Add Classifier: FilterBypass
Add Classifier: DefaultFormatter
Add Classifier: CutAction
Add Classifier: FontFamilyAction
Add Classifier: ElemChanges
Add Classifier: BidiRootElement
Add Classifier: DateFormatter
Add Classifier: GapVector
Add Classifier: Position
Add Classifier: EndAction
Add Classifier: StickyPosition
Add Classifier: ParagraphAttribute
Add Classifier: CharCharacter
Add Classifier: Segment
Add Classifier: ReplaceHolder
Add Classifier: PreviousWordAction
Add Classifier: EditorKit
Add Classifier: Zone
Add Classifier: DeletePrevCharAction
Add Classifier: CopyAction
Add Classifier: ElementSpec
Add Classifier: CompositeView
Add Classifier: StyleContextChangeHandler
Add Classifier: BadLocationException
Add Classifier: DefaultFilterBypass
Add Classifier: DeleteNextCharAction
Add Classifier: BeginParagraphAction
Add Classifier: BeginWordAction
Add Classifier: MutableCaretEvent
Add Classifier: ExtendedReplaceHolder
Add Classifier: WritableAction
Add Classifier: EndWordAction
Add Classifier: ChangedCharSetException
Add Classifier: Keymap
Add Classifier: ViewFactory
Add Classifier: StyleChangeUndoableEdit
Add Classifier: KeymapWrapper
Add Classifier: BoldAction
Add Classifier: InsertUndo
Add Classifier: CharacterConstants
Add Classifier: UndoPosRef
Add Classifier: EmptyAttributeSet
Add Classifier: StyledViewFactory
Add Classifier: Content
Add Classifier: BranchElement
Add Classifier: ColorAttribute
Add Classifier: Highlighter
Add Classifier: LogicalView
Add Classifier: WhitespaceBasedBreakIterator
Add Classifier: Bias
Add Classifier: BeepAction
Add Classifier: StackItem
Add Classifier: AttributedSegment
Add Classifier: RemoveUndo
Add Classifier: LeafElement
Add Classifier: TextAction
Add Classifier: EndLineAction
Add Classifier: DefaultDocumentEvent
Add Classifier: RemoveUndo
Add Classifier: GlyphView
Add Classifier: TabableView
Add Classifier: AbstractWriter
Add Classifier: StringContent
Add Classifier: ItalicAction
Add Classifier: AttributeContext
Add Classifier: NavigationFilter
Add Classifier: HexCharacter
Add Classifier: WrappedLine
Add Classifier: DefaultKeyTypedAction
Add Classifier: SelectAllAction
Add Classifier: GlyphPainter1
Add Classifier: Utilities
Add Classifier: Element
Add Classifier: GlyphPainter
Add Classifier: InternationalFormatter
Add Classifier: GridCell
Add Classifier: Document
Add Classifier: HighlightInfo
Add Classifier: UndoPosRef
Add Classifier: ChildState
Add Classifier: StyledDocument
Add Classifier: MaskCharacter
Add Classifier: ChangeUpdateRunnable
Add Classifier: ToggleComponentOrientationAction
Add Classifier: LayoutThread
Add Classifier: PlainDocument
Add Classifier: SelectParagraphAction
Add Classifier: PosRec
Add Classifier: Highlight
Add Classifier: DefaultNavigationFilter
Add Classifier: VerticalPageAction
Add Classifier: ElementEdit
Add Classifier: UnselectAction
Add Classifier: LabelView
Add Classifier: InputMethodRequestsHandler
Add Classifier: AttributeSet
Add Classifier: View
Add Classifier: BeginAction
Add Classifier: ComposedTextCaret
Add Classifier: TableView
Add Classifier: DefaultTransferHandler
Add Classifier: PlainView
Add Classifier: StyleChangeHandler
Add Classifier: DropLocation
Add Classifier: AlphaNumericCharacter
Add Classifier: DefaultHighlighter
Add Classifier: FontAttribute
Add Classifier: StyleContext
Add Classifier: KeymapActionMap
Add Classifier: InsertUndo
Add Classifier: DeleteWordAction
Add Classifier: FontKey
Add Classifier: AttributeUndoableEdit
Add Classifier: AccessibleJTextComponent
Add Classifier: LayerPainter
Add Classifier: ChildLocator
Add Classifier: EndParagraphAction
Add Classifier: NextWordAction
Add Classifier: StateInvariantError
Add Classifier: TableCell
Add Classifier: DefaultFormatterFactory
Add Classifier: BoxView
Add Classifier: DigitMaskCharacter
Add Classifier: KeyEnumeration
Add Classifier: Invalidator
Add Classifier: MaskFormatter
Add Classifier: BidiElement
Add Classifier: StyleConstants
Add Classifier: Style
Add Classifier: StyledTextAction
Add Classifier: FilterBypass
Add Classifier: UnderlineAction
Add Classifier: IndexedSegment
Add Classifier: ParagraphView
Add Classifier: SafeDamager
Add Classifier: Handler
Add Classifier: Caret
Add Classifier: DefaultDocumentFilter
Add Classifier: LiteralCharacter
Add Classifier: StickyPosition
Add Classifier: DefaultKeymap
Add Classifier: WrappedPlainView
Add Classifier Role: html
Add Classifier Role: rtf
***** Append Package: html *****
Add Classifier: FrameSetView
Add Classifier: FixedLengthDocument
Add Classifier: FontFamily
Add Classifier: HTMLFactory
Add Classifier: SmallConversionSet
Add Classifier: StringValue
Add Classifier: HTMLTextAction
Add Classifier: LinkController
Add Classifier: HTMLEditorKit
Add Classifier: CommentView
Add Classifier: StartTagBorder
Add Classifier: TableCellElementInfo
Add Classifier: RunElement
Add Classifier: FormAction
Add Classifier: HRuleView
Add Classifier: DefaultRegionContainment
Add Classifier: BorderWidthValue
Add Classifier: CSS
Add Classifier: HTMLReader
Add Classifier: TableView
Add Classifier: RegionContainment
Add Classifier: BlockView
Add Classifier: TableRowElementInfo
Add Classifier: BorderPainter
Add Classifier: ConvertAction
Add Classifier: AccessibleHTML
Add Classifier: ListView
Add Classifier: DoublePainter
Add Classifier: LargeConversionSet
Add Classifier: Option
Add Classifier: ObjectView
Add Classifier: TaggedAttributeSet
Add Classifier: ColorValue
Add Classifier: IndexedSegment
Add Classifier: CharacterAction
Add Classifier: EndTagBorder
Add Classifier: NoFramesView
Add Classifier: TextAreaDocument
Add Classifier: FormTagAction
Add Classifier: Map
Add Classifier: OptionComboBoxModel
Add Classifier: ParserCallback
Add Classifier: IconAccessibleContext
Add Classifier: HiddenAction
Add Classifier: BorderStyle
Add Classifier: ShadowLightPainter
Add Classifier: ShorthandBorderParser
Add Classifier: DocumentHandler
Add Classifier: MapAction
Add Classifier: BrowseFileAction
Add Classifier: SpecialAction
Add Classifier: ShorthandBackgroundParser
Add Classifier: RowIterator
Add Classifier: TextAccessibleContext
Add Classifier: HTMLFrameHyperlinkEvent
Add Classifier: ResolvedStyle
Add Classifier: ImageHandler
Add Classifier: ParagraphAction
Add Classifier: BackgroundImage
Add Classifier: Attribute
Add Classifier: ParagraphView
Add Classifier: ImageLabelView
Add Classifier: ElementInfo
Add Classifier: InlineView
Add Classifier: StyleSheet
Add Classifier: MouseEventListener
Add Classifier: Tag
Add Classifier: AccessibleHeadersTable
Add Classifier: TableAccessibleContext
Add Classifier: HeadAction
Add Classifier: CommentBorder
Add Classifier: ImageView
Add Classifier: CssParser
Add Classifier: CircleRegionContainment
Add Classifier: MethodType
Add Classifier: Parser
Add Classifier: MuxingAttributeSet
Add Classifier: RectangleRegionContainment
Add Classifier: NavigateLinkAction
Add Classifier: BodyBlockView
Add Classifier: ListPainter
Add Classifier: LinkAction
Add Classifier: SearchBuffer
Add Classifier: GrooveRidgePainter
Add Classifier: LeafIterator
Add Classifier: FocusHighlightPainter
Add Classifier: MuxingAttributeNameEnumeration
Add Classifier: HTMLDocument
Add Classifier: HTML
Add Classifier: FormSubmitEvent
Add Classifier: SelectorMapping
Add Classifier: BeginAction
Add Classifier: SolidPainter
Add Classifier: BlockElement
Add Classifier: CellView
Add Classifier: ActivateLinkAction
Add Classifier: NullPainter
Add Classifier: FontSize
Add Classifier: EditableView
Add Classifier: DottedDashedPainter
Add Classifier: TextElementInfo
Add Classifier: PreAction
Add Classifier: PropertyChangeHandler
Add Classifier: Iterator
Add Classifier: BoxPainter
Add Classifier: HTMLAccessibleContext
Add Classifier: StyleAction
Add Classifier: UnknownTag
Add Classifier: OptionListModel
Add Classifier: MinimalHTMLWriter
Add Classifier: FrameEditorPane
Add Classifier: LengthUnit
Add Classifier: TableElementInfo
Add Classifier: FormView
Add Classifier: TagAction
Add Classifier: Attribute
Add Classifier: AreaAction
Add Classifier: IconElementInfo
Add Classifier: AnchorAction
Add Classifier: IsindexAction
Add Classifier: InsertHRAction
Add Classifier: LineView
Add Classifier: ColumnIterator
Add Classifier: LengthValue
Add Classifier: HTMLWriter
Add Classifier: PolygonRegionContainment
Add Classifier: ShorthandMarginParser
Add Classifier: ViewAttributeSet
Add Classifier: ObjectAction
Add Classifier: CSSBorder
Add Classifier: BlockAction
Add Classifier: BackgroundPosition
Add Classifier: LayoutIterator
Add Classifier: ResourceLoader
Add Classifier: BaseAction
Add Classifier: ShorthandFontParser
Add Classifier: HorizontalMargin
Add Classifier: TitleAction
Add Classifier: InsertHTMLTextAction
Add Classifier: BRView
Add Classifier: FontWeight
Add Classifier: RowView
Add Classifier: MetaAction
Add Classifier: CssValue
Add Classifier: FrameView
Add Classifier: InsetOutsetPainter
Add Classifier: CssValueMapper
Add Classifier: StrokePainter
Add Classifier: IsindexView
Add Classifier: Value
Add Classifier: HiddenTagView
Add Classifier: RootHTMLAccessibleContext
Add Classifier: CSSParserCallback
Add Classifier: CSSParser
Add Classifier: BackgroundImagePainter
Add Classifier Role: parser
***** Append Package: parser *****
Add Classifier: DTD
Add Classifier: TagStack
Add Classifier: ResourceLoader
Add Classifier: ContentModelState
Add Classifier: AttributeList
Add Classifier: NPrintWriter
Add Classifier: TagElement
Add Classifier: ContentModel
Add Classifier: DocumentParser
Add Classifier: Element
Add Classifier: Entity
Add Classifier: Parser
Add Classifier: DTDConstants
Add Classifier: ParserDelegator
***** Append Package: rtf *****
Add Classifier: StylesheetDestination
Add Classifier: TextHandlingDestination
Add Classifier: RTFGenerator
Add Classifier: RTFEditorKit
Add Classifier: RTFReader
Add Classifier: RTFParser
Add Classifier: DocumentDestination
Add Classifier: RTFAttributes
Add Classifier: RTFAttribute
Add Classifier: AssertiveAttribute
Add Classifier: GenericAttribute
Add Classifier: Destination
Add Classifier: InfoDestination
Add Classifier: AttributeTrackingDestination
Add Classifier: CharacterKeywordPair
Add Classifier: FonttblDestination
Add Classifier: MockAttributeSet
Add Classifier: AbstractFilter
Add Classifier: NumericAttribute
Add Classifier: StyleDefiningDestination
Add Classifier: BooleanAttribute
Add Classifier: ColortblDestination
Add Classifier: DiscardingDestination
Add Classifier: Constants
***** Append Package: tree *****
Add Classifier: FHTreeStateNode
Add Classifier: DefaultMutableTreeNode
Add Classifier: ExpandVetoException
Add Classifier: DefaultTreeCellRenderer
Add Classifier: NodeDimensions
Add Classifier: TreeNode
Add Classifier: PathPlaceHolder
Add Classifier: VisibleFHTreeStateNodeEnumeration
Add Classifier: DefaultTreeCellEditor
Add Classifier: FixedHeightLayoutCache
Add Classifier: DefaultTreeModel
Add Classifier: PostorderEnumeration
Add Classifier: TreeCellRenderer
Add Classifier: SearchInfo
Add Classifier: BreadthFirstEnumeration
Add Classifier: PathBetweenNodesEnumeration
Add Classifier: MutableTreeNode
Add Classifier: DefaultTextField
Add Classifier: EditorContainer
Add Classifier: TreeCellEditor
Add Classifier: TreeModel
Add Classifier: RowMapper
Add Classifier: Queue
Add Classifier: PreorderEnumeration
Add Classifier: TreeSelectionModel
Add Classifier: TreePath
Add Classifier: QNode
Add Classifier: VariableHeightLayoutCache
Add Classifier: TreeStateNode
Add Classifier: DefaultTreeSelectionModel
Add Classifier: AbstractLayoutCache
Add Classifier: VisibleTreeStateNodeEnumeration
***** Append Package: undo *****
Add Classifier: CompoundEdit
Add Classifier: StateEditable
Add Classifier: AbstractUndoableEdit
Add Classifier: CannotUndoException
Add Classifier: UndoManager
Add Classifier: UndoableEditSupport
Add Classifier: UndoableEdit
Add Classifier: StateEdit
Add Classifier: CannotRedoException
***** Resolving Classifiers *****
***** Resolving Owners *****
***** Resolve Package Links *****
***** Add Extensions ******
***** Add Diagrams *****
Adding Diagram : swing
Adding Diagram : border
Adding Diagram : colorchooser
Adding Diagram : event
Adding Diagram : filechooser
Adding Diagram : plaf
Adding Diagram : basic
Adding Diagram : metal
Adding Diagram : multi
Adding Diagram : nimbus
Adding Diagram : synth
Adding Diagram : table
Adding Diagram : text
Adding Diagram : html
Adding Diagram : parser
Adding Diagram : rtf
Adding Diagram : tree
Adding Diagram : undo
***** Resolving DiagramIDs *****
***** Resolving Association Classes *****
***** Resolving Parameter Types *****
***** Resolving Attribute Types *****
***** Resolving Note links *****
***** Fixup external references *****
Import Complete!
