Exporting package to 'C:\Users\SungwoonChoi\Desktop\°­ÀÇ_201201\SEBOK_±³À°\swing.xml'
Retrieving data for export: packages
Retrieving data for export: diagram elements
Retrieving data for export: links
Retrieving data for export: constraints
Retrieving data for export: attribute tagged values
Retrieving data for export: operation tagged values
Retrieving data for export: operation parameter tagged values
Retrieving data for export: connector tagged values
Completed data retrieval
Pre-processing export tree...
Completed pre-processing
***** Processing package: javax *****
Element:0: swing
***** Processing package: swing *****
Element:1: DefaultDesktopManager
Element:2: ArrayTable
Element:3: AccessibleJSpinner
Element:4: JColorChooser
Element:5: JTextPane
Element:6: AccessibleJTableHeaderCell
Element:7: MenuChangeListener
Element:8: text
Element:9: JSplitPane
Element:10: BaselineGroup
Element:11: AccessibleJToolTip
Element:12: Scrollable
Element:13: SortManager
Element:14: outsideTimerAction
Element:15: Handler
Element:16: JDesktopIcon
Element:17: InternalFrameFocusTraversalPolicy
Element:18: AccessibleJScrollPane
Element:19: AutoPreferredGapMatch
Element:20: SwingDropTarget
Element:21: ComponentInfo
Element:22: HTMLLink
Element:23: ActiveValue
Element:24: Filter
Element:25: AccessibleCellRendererPane
Element:26: ListSelectionModel
Element:27: AbstractSpring
Element:28: OverlayLayout
Element:29: HeavyWeightWindow
Element:30: Spring
Element:31: AccessibleJMenu
Element:32: UIResource
Element:33: AccessibleJCheckBoxMenuItem
Element:34: AccessibleJComboBoxPopupMenuListener
Element:35: ComponentKeyStrokePair
Element:36: LazyInputMap
Element:37: ClientPropertyKey
Element:38: JMenuItem
Element:39: KeyboardManager
Element:40: GapSpring
Element:41: AccessibleJSlider
Element:42: AccessibleBoxFiller
Element:43: NumberEditor
Element:44: Resizable3
Element:45: JMenu
Element:46: DefaultCellEditor
Element:47: SortKey
Element:48: ComponentInputMap
Element:49: PlainEditorKit
Element:50: AccessibilityKeyListener
Element:51: Constraints
Element:52: stillInsideTimerAction
Element:53: ComponentPosition
Element:54: AccessibleEditor
Element:55: CellEditor
Element:56: AccessibleJList
Element:57: LazyValue
Element:58: ButtonChangeListener
Element:59: Autoscroller
Element:60: CompareTabOrderComparator
Element:61: SwingWorkerPropertyChangeSupport
Element:62: LayoutComparator
Element:63: SizeSequence
Element:64: SwingDefaultFocusTraversalPolicy
Element:65: LogicalView
Element:66: MultiUIDefaultsEnumerator
Element:67: JToolTip
Element:68: RowSorter
Element:69: ContainerAutoPreferredGapSpring
Element:70: RegexFilter
Element:71: JLabel
Element:72: AccessibleProgressMonitor
Element:73: PrintMode
Element:74: WinListener
Element:75: JOptionPane
Element:76: DefaultComboBoxModel
Element:77: Renderer
Element:78: ViewListener
Element:79: ScrollPaneLayout
Element:80: Alignment
Element:81: ComboBoxActionPropertyChangeListener
Element:82: DefaultFocusManager
Element:83: AccessibleJPasswordField
Element:84: StateValue
Element:85: SpringMap
Element:86: AbstractButton
Element:87: ContainerPopup
Element:88: filechooser
Element:89: CellRendererPane
Element:90: AccessibleJTableModelChange
Element:91: DebugGraphicsObserver
Element:92: PaintManager
Element:93: EditorAccessibleContext
Element:94: AccessibleJViewport
Element:95: NumberEditor
Element:96: DefaultToolBarLayout
Element:97: TextFieldActionPropertyChangeListener
Element:98: JInternalFrame
Element:99: AccessibleJTree
Element:100: ColorChooserDialog
Element:101: BooleanEditor
Element:102: NumberFilter
Element:103: DoPostEvent
Element:104: JRadioButton
Element:105: Painter
Element:106: ButtonGroup
Element:107: ModelWrapper
Element:108: BoxLayout
Element:109: ThreadSafePrintable
Element:110: HeaderParser
Element:111: JTextField
Element:112: AccessibleJLabel
Element:113: SizeRequirements
Element:114: border
Element:115: LinkInfo
Element:116: AccessibleJProgressBar
Element:117: DropLocation
Element:118: ModelListener
Element:119: OrFilter
Element:120: WindowConstants
Element:121: DynamicUtilTreeNode
Element:122: DateEditorFormatter
Element:123: JDesktopPane
Element:124: FocusLostHandler
Element:125: SequentialGroup
Element:126: LAFState
Element:127: AccessibleJTabbedPane
Element:128: DropLocation
Element:129: ModelListener
Element:130: ComparisonType
Element:131: colorchooser
Element:132: RootLayout
Element:133: TransferSupport
Element:134: AbstractSpinnerModel
Element:135: Spring
Element:136: AccessibleJComboBox
Element:137: JRadioButtonMenuItem
Element:138: AbstractFormatterFactory
Element:139: JCheckBox
Element:140: AbstractCellEditor
Element:141: DefaultRowSorter
Element:142: SpinnerModel
Element:143: TablePrintable
Element:144: HasGetTransferHandler
Element:145: SortingFocusTraversalPolicy
Element:146: TransferHandler
Element:147: AccessibleJMenuBar
Element:148: AutoPreferredGapSpring
Element:149: DoSubmitAccumulativeRunnable
Element:150: AccessibleJFileChooser
Element:151: ProgressMonitor
Element:152: MenuElement
Element:153: DisplayChangedRunnable
Element:154: Filler
Element:155: MoveBeforeEnterListener
Element:156: CancelAction
Element:157: LegacyGlueFocusTraversalPolicy
Element:158: event
Element:159: SumSpring
Element:160: PropertyTransferable
Element:161: KeyStroke
Element:162: UIDefaults
Element:163: WeakPCL
Element:164: UIManager
Element:165: JPopupMenu
Element:166: AccessibleJTreeNode
Element:167: EditorDelegate
Element:168: Separator
Element:169: SwingHeavyWeight
Element:170: MenuSelectionManager
Element:171: DocumentHandler
Element:172: MenuItemFocusListener
Element:173: Popup
Element:174: JLayeredPane
Element:175: TreeModelHandler
Element:176: AccessibleJRootPane
Element:177: Group
Element:178: SpringLayout
Element:179: ButtonModel
Element:180: AccessibleJFrame
Element:181: JToolBar
Element:182: DefaultButtonModel
Element:183: AccessibleJInternalFrame
Element:184: NotFilter
Element:185: BufferStrategyPaintManager
Element:186: DisposeOnClose
Element:187: RootPaneContainer
Element:188: DefaultAction
Element:189: LayerEventController
Element:190: AbstractAction
Element:191: DefaultListModel
Element:192: DisabledAction
Element:193: JComponent
Element:194: ProcessingRunnable
Element:195: TransferAction
Element:196: CompoundSpring
Element:197: Icon
Element:198: AccessibleJOptionPane
Element:199: SwingConstants
Element:200: Type
Element:201: ScrollBar
Element:202: JSpinner
Element:203: Entry
Element:204: OwnedWeakReference
Element:205: DebugGraphics
Element:206: GenericEditor
Element:207: UnsupportedLookAndFeelException
Element:208: AccessibleJLayeredPane
Element:209: ActionMap
Element:210: InputVerifier
Element:211: Action
Element:212: ModelChange
Element:213: AncestorNotifier
Element:214: DebugGraphicsFilter
Element:215: JSlider
Element:216: GeneralFilter
Element:217: AccessibleJRadioButtonMenuItem
Element:218: AbstractListModel
Element:219: JCheckBoxMenuItem
Element:220: ListEditor
Element:221: ModalPrivilegedAction
Element:222: ReadObjectCallback
Element:223: DefaultSingleSelectionModel
Element:224: UIResource
Element:225: LinkVector
Element:226: MediumWeightComponent
Element:227: JList
Element:228: AccessibleJDesktopPane
Element:229: AccessibleJPopupMenu
Element:230: AccessibleJComboBoxListSelectionListener
Element:231: JTextArea
Element:232: ButtonKeyBinding
Element:233: LightWeightPopup
Element:234: DateFilter
Element:235: AccessibleJDialog
Element:236: SharedOwnerFrame
Element:237: ProgressOptionPane
Element:238: InputMap
Element:239: DesktopManager
Element:240: JFileChooser
Element:241: ParallelGroup
Element:242: JDialog
Element:243: ColorTracker
Element:244: ProxyLazyValue
Element:245: TreeSelectionRedirector
Element:246: SingleSelectionModel
Element:247: plaf
Element:248: TreeTimer
Element:249: ModelListener
Element:250: IconRenderer
Element:251: IntVector
Element:252: SpinnerNumberModel
Element:253: ButtonActionPropertyChangeListener
Element:254: AccessibleJTable
Element:255: EmptySelectionModel
Element:256: AccessibleContainerHandler
Element:257: SortOrder
Element:258: ViewportLayout
Element:259: ModelListener
Element:260: ListFormatter
Element:261: AccessibleJTextField
Element:262: LookAndFeelInfo
Element:263: ListModel
Element:264: RowFilter
Element:265: Separator
Element:266: SpinnerListModel
Element:267: MultiUIDefaults
Element:268: AccessibleJPanel
Element:269: JWindow
Element:270: AndFilter
Element:271: LabelKeyBinding
Element:272: HeavyWeightPopup
Element:273: KeyboardState
Element:274: AccessibleBox
Element:275: DefaultLayerGlassPane
Element:276: AbstractFormatter
Element:277: JSeparator
Element:278: JScrollBar
Element:279: AccessibleJComponent
Element:280: WidthSpring
Element:281: NumberRenderer
Element:282: Row
Element:283: ActionStandin
Element:284: ComponentSpring
Element:285: NegativeSpring
Element:286: DefaultBoundedRangeModel
Element:287: JComboBox
Element:288: DefaultKeySelectionManager
Element:289: AccessibleJEditorPane
Element:290: DoubleRenderer
Element:291: BooleanRenderer
Element:292: DefaultEditor
Element:293: JPanel
Element:294: Closer
Element:295: DefaultListSelectionModel
Element:296: SpringProxy
Element:297: ComponentPlacement
Element:298: DragHandler
Element:299: AccessibleTableHeader
Element:300: Timer
Element:301: AccessibleJToggleButton
Element:302: ComboBoxModel
Element:303: DropLocation
Element:304: GrayFilter
Element:305: JButton
Element:306: HeightSpring
Element:307: SwingPaintEventDispatcher
Element:308: DateRenderer
Element:309: AccessibleJToolBar
Element:310: AccessibleJMenuItem
Element:311: JEditorPane
Element:312: AccessibleJApplet
Element:313: FocusPropertyChangeListener
Element:314: JEditorPaneAccessibleHypertextSupport
Element:315: AccessibleJSeparator
Element:316: LayoutFocusTraversalPolicy
Element:317: ScaleSpring
Element:318: DoubleBufferInfo
Element:319: ListSelectionHandler
Element:320: AccessibleFocusHandler
Element:321: PreferredGapSpring
Element:322: ImageIcon
Element:323: AccessibleImageIcon
Element:324: JApplet
Element:325: DateEditor
Element:326: CellEditorRemover
Element:327: CommitAction
Element:328: JTabbedPane
Element:329: DropHandler
Element:330: JFrame
Element:331: JLayer
Element:332: SwingWorker
Element:333: MutableComboBoxModel
Element:334: FocusManager
Element:335: DelegatingDefaultFocusManager
Element:336: SwingUtilities
Element:337: JFormattedTextField
Element:338: PlainParagraph
Element:339: SpinnerDateModel
Element:340: SwingDragGestureRecognizer
Element:341: DropLocation
Element:342: SwingContainerOrderFocusTraversalPolicy
Element:343: NumberEditorFormatter
Element:344: table
Element:345: GraphicsWrapper
Element:346: ScrollPaneConstants
Element:347: BufferInfo
Element:348: TimerQueue
Element:349: ActionPropertyChangeListener
Element:350: JTable
Element:351: JTree
Element:352: ModelListener
Element:353: ToolTipManager
Element:354: ComboBoxEditor
Element:355: DelayedTimer
Element:356: Box
Element:357: PageLoader
Element:358: ProgressMonitorInputStream
Element:359: AccessibleJWindow
Element:360: BorderFactory
Element:361: LookAndFeel
Element:362: DropMode
Element:363: tree
Element:364: AccessibleJColorChooser
Element:365: NotifyAction
Element:366: DefaultListCellRenderer
Element:367: AccessibleJEditorPaneHTML
Element:368: JViewport
Element:369: AccessibleJRadioButton
Element:370: PopupFactory
Element:371: AccessibleJTableCell
Element:372: AccessibleJTextArea
Element:373: LegacyLayoutFocusTraversalPolicy
Element:374: AccessibleJScrollBar
Element:375: undo
Element:376: KeySelectionManager
Element:377: SpringDelta
Element:378: AccessibleAbstractButton
Element:379: Page
Element:380: AccessibleJComboBoxPropertyChangeListener
Element:381: JMenuBar
Element:382: ListCellRenderer
Element:383: MediumWeightPopup
Element:384: JPasswordField
Element:385: AccessibleJListChild
Element:386: HeadlessPopup
Element:387: JToggleButton
Element:388: ToggleButtonModel
Element:389: BoundedRangeModel
Element:390: LayoutStyle
Element:391: DisplayChangedHandler
Element:392: FilterEntry
Element:393: DebugGraphicsInfo
Element:394: AccessibleJCheckBox
Element:395: JRootPane
Element:396: Resizable2
Element:397: AccessibleJButton
Element:398: GroupLayout
Element:399: insideTimerAction
Element:400: ScrollRepainter
Element:401: RepaintManager
Element:402: MaxSpring
Element:403: JScrollPane
Element:404: DefaultFrame
Element:405: JProgressBar
Element:406: AccessibleJSplitPane
Element:407: AccessibleJDesktopIcon
Element:408: StaticSpring
Diagram: swing
***** Processing package: border *****
Element:409: Border
Element:410: AbstractBorder
Element:411: SoftBevelBorder
Element:412: EtchedBorder
Element:413: StrokeBorder
Element:414: BevelBorder
Element:415: CompoundBorder
Element:416: TitledBorder
Element:417: MatteBorder
Element:418: EmptyBorder
Element:419: LineBorder
Diagram: border
***** Processing package: colorchooser *****
Element:420: DefaultColorSelectionModel
Element:421: ColorModel
Element:422: ColorModelHSV
Element:423: ColorModelCMYK
Element:424: RecentSwatchPanel
Element:425: DiagramComponent
Element:426: SwatchPanel
Element:427: DefaultSwatchChooserPanel
Element:428: ColorModelHSL
Element:429: CenterLayout
Element:430: RecentSwatchListener
Element:431: ColorSelectionModel
Element:432: ColorChooserPanel
Element:433: ColorChooserComponentFactory
Element:434: MainSwatchPanel
Element:435: DefaultPreviewPanel
Element:436: SlidingSpinner
Element:437: AbstractColorChooserPanel
Element:438: MainSwatchListener
Element:439: ColorPanel
Element:440: SmartGridLayout
Element:441: ValueFormatter
Diagram: colorchooser
***** Processing package: event *****
Element:442: CaretListener
Element:443: ListSelectionListener
Element:444: PopupMenuEvent
Element:445: CellEditorListener
Element:446: MouseInputAdapter
Element:447: ChangeListener
Element:448: AncestorListener
Element:449: MenuListener
Element:450: InternalFrameEvent
Element:451: UndoableEditListener
Element:452: MenuKeyListener
Element:453: EventListenerList
Element:454: DocumentListener
Element:455: Type
Element:456: TableColumnModelEvent
Element:457: MenuDragMouseListener
Element:458: ElementChange
Element:459: TableColumnModelListener
Element:460: UndoableEditEvent
Element:461: PopupMenuListener
Element:462: AncestorEvent
Element:463: TreeSelectionEvent
Element:464: ListDataEvent
Element:465: HyperlinkEvent
Element:466: TreeExpansionEvent
Element:467: SwingPropertyChangeSupport
Element:468: RowSorterEvent
Element:469: MenuDragMouseEvent
Element:470: ChangeEvent
Element:471: TreeModelListener
Element:472: HyperlinkListener
Element:473: RowSorterListener
Element:474: MenuKeyEvent
Element:475: MouseInputListener
Element:476: TreeModelEvent
Element:477: CaretEvent
Element:478: TreeSelectionListener
Element:479: EventType
Element:480: TableModelListener
Element:481: InternalFrameAdapter
Element:482: ListDataListener
Element:483: ListSelectionEvent
Element:484: MenuEvent
Element:485: TableModelEvent
Element:486: DocumentEvent
Element:487: TreeWillExpandListener
Element:488: InternalFrameListener
Element:489: EventType
Element:490: TreeExpansionListener
Diagram: event
***** Processing package: filechooser *****
Element:491: FileSystemView
Element:492: WindowsFileSystemView
Element:493: FileFilter
Element:494: FileSystemRoot
Element:495: GenericFileSystemView
Element:496: UnixFileSystemView
Element:497: FileNameExtensionFilter
Element:498: FileView
Diagram: filechooser
***** Processing package: plaf *****
Element:499: DesktopPaneUI
Element:500: ActionMapUIResource
Element:501: TableHeaderUI
Element:502: SplitPaneUI
Element:503: metal
Element:504: EtchedBorderUIResource
Element:505: DesktopIconUI
Element:506: TreeUI
Element:507: ToolBarUI
Element:508: ColorUIResource
Element:509: PopupMenuUI
Element:510: EmptyBorderUIResource
Element:511: BevelBorderUIResource
Element:512: TabbedPaneUI
Element:513: InternalFrameUI
Element:514: TitledBorderUIResource
Element:515: InsetsUIResource
Element:516: ListUI
Element:517: nimbus
Element:518: ComponentInputMapUIResource
Element:519: ComboBoxUI
Element:520: IconUIResource
Element:521: LineBorderUIResource
Element:522: TextUI
Element:523: multi
Element:524: BorderUIResource
Element:525: basic
Element:526: ScrollPaneUI
Element:527: ButtonUI
Element:528: ProgressBarUI
Element:529: InputMapUIResource
Element:530: MatteBorderUIResource
Element:531: TableUI
Element:532: MenuBarUI
Element:533: FileChooserUI
Element:534: SeparatorUI
Element:535: SliderUI
Element:536: ScrollBarUI
Element:537: OptionPaneUI
Element:538: SpinnerUI
Element:539: LayerUI
Element:540: ColorChooserUI
Element:541: LabelUI
Element:542: ComponentUI
Element:543: FontUIResource
Element:544: ToolTipUI
Element:545: RootPaneUI
Element:546: CompoundBorderUIResource
Element:547: MenuItemUI
Element:548: ViewportUI
Element:549: PanelUI
Element:550: DimensionUIResource
Element:551: synth
Element:552: UIResource
Diagram: plaf
***** Processing package: basic *****
Element:553: BasicTableUI
Element:554: BasicLabelUI
Element:555: KeyboardEndHandler
Element:556: Handler
Element:557: ColorTransferHandler
Element:558: Handler
Element:559: PropertyChangeHandler
Element:560: Handler
Element:561: BasicDesktopManager
Element:562: ComponentHandler
Element:563: BasicTextFieldUI
Element:564: BasicHTML
Element:565: ShowSystemMenuAction
Element:566: CheckBoxIcon
Element:567: VSBChangeListener
Element:568: FocusHandler
Element:569: ComponentHandler
Element:570: FocusAction
Element:571: BasicHTMLViewFactory
Element:572: SystemMenuBar
Element:573: Actions
Element:574: Actions
Element:575: BasicHorizontalLayoutManager
Element:576: Handler
Element:577: BasicColorChooserUI
Element:578: BasicComboBoxUI
Element:579: ChangeHandler
Element:580: PropertyHandler
Element:581: TrackListener
Element:582: BasicSliderUI
Element:583: DividerLayout
Element:584: Actions
Element:585: Actions
Element:586: EmptyListModelClass
Element:587: MouseHandler
Element:588: GlobFilter
Element:589: ChangeToParentDirectoryAction
Element:590: CellEditorHandler
Element:591: NoFocusButton
Element:592: MenuItemCheckIcon
Element:593: FieldBorder
Element:594: UIResource
Element:595: PropertyChangeHandler
Element:596: AutoScrollActionHandler
Element:597: BasicFileView
Element:598: ItemHandler
Element:599: Handler
Element:600: BasicTextAreaUI
Element:601: RolloverMarginBorder
Element:602: TreeTransferHandler
Element:603: BasicViewportUI
Element:604: PropertyChangeHandler
Element:605: ListSelectionHandler
Element:606: PropertyChangeHandler
Element:607: InvocationMouseHandler
Element:608: BasicSeparatorUI
Element:609: ListDataHandler
Element:610: TreeIncrementAction
Element:611: BasicGraphicsUtils
Element:612: ApproveSelectionAction
Element:613: VerticalDragController
Element:614: MaximizeAction
Element:615: InvocationMouseMotionHandler
Element:616: BasicEditorPaneUI
Element:617: RolloverButtonBorder
Element:618: BasicLookAndFeel
Element:619: ToolBarFocusListener
Element:620: NavigateAction
Element:621: MouseInputHandler
Element:622: SharedActionScroller
Element:623: Handler
Element:624: BasicMenuUI
Element:625: UIResource
Element:626: RadioButtonIcon
Element:627: Actions
Element:628: DragListener
Element:629: BasicPopupMenuSeparatorUI
Element:630: Handler
Element:631: MouseGrabber
Element:632: BasicListUI
Element:633: Actions
Element:634: DefaultKeySelectionManager
Element:635: ScrollableTabViewport
Element:636: BasicEditorKit
Element:637: BasicToolBarUI
Element:638: PropertyChangeHandler
Element:639: Handler
Element:640: MouseInputHandler
Element:641: ComponentHandler
Element:642: InvocationKeyHandler
Element:643: BasicDocument
Element:644: BasicRadioButtonUI
Element:645: BasicMenuBarUI
Element:646: RootView
Element:647: KeyHandler
Element:648: LoadFilesThread
Element:649: TabbedPaneLayout
Element:650: BasicComboPopup
Element:651: MarginBorder
Element:652: ToolBarContListener
Element:653: FocusHandler
Element:654: BasicTableHeaderUI
Element:655: CloseAction
Element:656: BasicMenuKeyListener
Element:657: CenterLayout
Element:658: HSBChangeListener
Element:659: BasicToggleButtonUI
Element:660: CancelSelectionAction
Element:661: BasicButtonListener
Element:662: BasicHighlighter
Element:663: KeyboardHomeHandler
Element:664: Animator
Element:665: DoChangeContents
Element:666: LazyActionMap
Element:667: BasicTreeUI
Element:668: Handler
Element:669: BasicSpinnerUI
Element:670: BasicVerticalLayoutManager
Element:671: Actions
Element:672: MouseInputHandler
Element:673: KeyboardResizeToggleHandler
Element:674: Actions
Element:675: BasicRootPaneUI
Element:676: Handler
Element:677: TitlePaneLayout
Element:678: Actions
Element:679: Handler
Element:680: MouseWheelHandler
Element:681: TreeTraverseAction
Element:682: TextTransferHandler
Element:683: Actions
Element:684: TableTransferHandler
Element:685: DragRecognitionSupport
Element:686: KeyHandler
Element:687: Handler
Element:688: RootPaneInputMap
Element:689: I18nFieldView
Element:690: Handler
Element:691: Renderer
Element:692: PropertyChangeHandler
Element:693: ComboPopup
Element:694: OpenAction
Element:695: BasicMenuItemUI
Element:696: Actions
Element:697: ButtonAreaLayout
Element:698: BasicToolBarSeparatorUI
Element:699: PropertyChangeHandler
Element:700: BasicBorders
Element:701: FocusHandler
Element:702: MouseHandler
Element:703: GlassPaneDispatcher
Element:704: MouseInputHandler
Element:705: BasicInternalFrameListener
Element:706: TextActionWrapper
Element:707: ConstrainedButton
Element:708: InternalFramePropertyChangeListener
Element:709: Actions
Element:710: ListSelectionHandler
Element:711: BasicInternalFrameTitlePane
Element:712: DockingListener
Element:713: Handler
Element:714: ScrollListener
Element:715: ListDataHandler
Element:716: ButtonBorder
Element:717: PropertyChangeHandler
Element:718: BasicCaret
Element:719: SelectionModelPropertyChangeHandler
Element:720: FocusHandler
Element:721: ListDataHandler
Element:722: DoubleClickListener
Element:723: BasicPanelUI
Element:724: BorderlessTextField
Element:725: DragController
Element:726: BasicRadioButtonMenuItemUI
Element:727: Handler
Element:728: EmptyFrameIcon
Element:729: MultiplexingTextField
Element:730: InternalFrameLayout
Element:731: PropertyChangeHandler
Element:732: BorderListener
Element:733: AWTEventHelper
Element:734: ListMouseMotionHandler
Element:735: MenuItemArrowIcon
Element:736: MoveAction
Element:737: CloseAction
Element:738: Actions
Element:739: BasicDirectoryModel
Element:740: Handler
Element:741: RadioButtonMenuItemIcon
Element:742: BasicComboBoxEditor
Element:743: ScrollableTabButton
Element:744: MouseInputHandler
Element:745: PropertyChangeHandler
Element:746: BasicIconFactory
Element:747: ItemHandler
Element:748: MaximizeAction
Element:749: BasicButtonUI
Element:750: FocusHandler
Element:751: BasicFileChooserUI
Element:752: KeyHandler
Element:753: TreeSelectionHandler
Element:754: DefaultMenuLayout
Element:755: PropertyListener
Element:756: BasicArrowButton
Element:757: Actions
Element:758: ButtonFactory
Element:759: ChangeHandler
Element:760: AudioAction
Element:761: TabSelectionHandler
Element:762: CroppedEdge
Element:763: KeyboardDownRightHandler
Element:764: BasicScrollPaneUI
Element:765: BasicSplitPaneUI
Element:766: BasicFormattedTextFieldUI
Element:767: BasicDesktopIconUI
Element:768: PlainParagraph
Element:769: MinimizeAction
Element:770: ListMouseHandler
Element:771: TextTransferable
Element:772: MenuKeyboardHelper
Element:773: BasicTextUI
Element:774: Handler
Element:775: RestoreAction
Element:776: ActionScroller
Element:777: ListTransferHandler
Element:778: FrameListener
Element:779: MenuArrowIcon
Element:780: BasicPasswordFieldUI
Element:781: FocusHandler
Element:782: ScrollListener
Element:783: BeforeDrag
Element:784: MouseHandler
Element:785: GoHomeAction
Element:786: TreeExpansionHandler
Element:787: NodeDimensionsHandler
Element:788: Actions
Element:789: BasicOptionPaneUI
Element:790: AcceptAllFileFilter
Element:791: TabContainer
Element:792: SplitPaneDividerBorder
Element:793: NewFolderAction
Element:794: BasicSplitPaneDivider
Element:795: PropertyChangeHandler
Element:796: ChangeHandler
Element:797: TreeCancelEditingAction
Element:798: FocusHandler
Element:799: BasicTabbedPaneUI
Element:800: BasicScrollBarUI
Element:801: SelectionListener
Element:802: Actions
Element:803: ButtonActionListener
Element:804: Actions
Element:805: Handler
Element:806: TreeModelHandler
Element:807: BasicPopupMenuUI
Element:808: OneTouchActionHandler
Element:809: KeyboardUpLeftHandler
Element:810: SplitPaneBorder
Element:811: PropertyHandler
Element:812: Actions
Element:813: FileTransferHandler
Element:814: ScrollableTabPanel
Element:815: ToggleButtonBorder
Element:816: BasicInternalFrameUI
Element:817: TreeHomeAction
Element:818: BasicCursor
Element:819: LogicalView
Element:820: BasicPopupMenuListener
Element:821: CheckBoxMenuItemIcon
Element:822: BasicCheckBoxUI
Element:823: ScrollableTabSupport
Element:824: Handler
Element:825: UpdateAction
Element:826: Actions
Element:827: TreePageAction
Element:828: UpdateHandler
Element:829: TreeToggleAction
Element:830: DragWindow
Element:831: ArrowButtonListener
Element:832: BasicCheckBoxMenuItemUI
Element:833: MenuBarBorder
Element:834: Handler
Element:835: ArrowButtonHandler
Element:836: ViewportChangeHandler
Element:837: BasicTextPaneUI
Element:838: Handler
Element:839: TrackListener
Element:840: SizeAction
Element:841: FileTransferable
Element:842: Handler
Element:843: BasicToolTipUI
Element:844: BasicProgressBarUI
Element:845: BasicComboBoxRenderer
Element:846: BasicTransferable
Element:847: Actions
Element:848: ComboBoxLayoutManager
Element:849: BasicDesktopPaneUI
Element:850: IconifyAction
Element:851: RadioButtonBorder
Element:852: TabbedPaneScrollLayout
Element:853: MouseInputHandler
Element:854: MouseInputHandler
Element:855: StyleSheetUIResource
Element:856: ModelListener
Diagram: basic
***** Processing package: metal *****
Element:857: COIcon
Element:858: ImageCacher
Element:859: MetalTreeUI
Element:860: MenuItemBorder
Element:861: MetalToolBarUI
Element:862: MenuItemArrowIcon
Element:863: ImageGcPair
Element:864: InternalFrameDefaultMenuIcon
Element:865: MetalHighContrastTheme
Element:866: ToolBarBorder
Element:867: MetalComboBoxEditor
Element:868: ErrorDialogBorder
Element:869: BumpBuffer
Element:870: ToggleButtonBorder
Element:871: FileChooserNewFolderIcon
Element:872: MetalInternalFrameUI
Element:873: BorderListener1
Element:874: MetalFileChooserUIAccessor
Element:875: UIResource
Element:876: MetalScrollButton
Element:877: MetalComboBoxIcon
Element:878: FontActiveValue
Element:879: MetalPropertyListener
Element:880: MetalUtils
Element:881: TreeControlIcon
Element:882: MetalTheme
Element:883: MetalTabbedPaneUI
Element:884: TreeComputerIcon
Element:885: MetalComboBoxButton
Element:886: MetalIconFactory
Element:887: MetalTitlePane
Element:888: OceanTheme
Element:889: MetalToolTipUI
Element:890: TitlePaneLayout
Element:891: OceanToolBarImageFilter
Element:892: MetalRootLayout
Element:893: SingleClickListener
Element:894: FileChooserHomeFolderIcon
Element:895: InternalFrameCloseIcon
Element:896: MetalRolloverListener
Element:897: InternalFrameMaximizeIcon
Element:898: TableHeaderBorder
Element:899: MetalComboBoxLayoutManager
Element:900: Flush3DBorder
Element:901: InternalFrameBorder
Element:902: RolloverMarginBorder
Element:903: OceanHorizontalSliderThumbIcon
Element:904: FilterComboBoxModel
Element:905: MetalButtonUI
Element:906: MetalSeparatorUI
Element:907: QuestionDialogBorder
Element:908: MetalLookAndFeel
Element:909: MetalInternalFrameTitlePane
Element:910: FileChooserDetailViewIcon
Element:911: MaximizeAction
Element:912: TreeFloppyDriveIcon
Element:913: MetalComboBoxUI
Element:914: FrameBorder
Element:915: MetalPropertyChangeListener
Element:916: VerticalSliderThumbIcon
Element:917: SystemMenuBar
Element:918: EditorBorder
Element:919: AlignedLabel
Element:920: TitleListener
Element:921: DirectoryComboBoxAction
Element:922: MetalDividerLayout
Element:923: MetalLabelUI
Element:924: MetalComboPopup
Element:925: MetalRootPaneUI
Element:926: MetalFileChooserUI
Element:927: MetalContainerListener
Element:928: RestoreAction
Element:929: MenuBarBorder
Element:930: MenuArrowIcon
Element:931: DirectoryComboBoxModel
Element:932: ButtonAreaLayout
Element:933: MetalPropertyChangeHandler
Element:934: TreeLeafIcon
Element:935: TextFieldBorder
Element:936: MetalBorders
Element:937: MetalScrollPaneUI
Element:938: MetalPopupMenuSeparatorUI
Element:939: PropertyChangeHandler
Element:940: MetalCheckBoxIcon
Element:941: WindowHandler
Element:942: DialogBorder
Element:943: MetalRadioButtonUI
Element:944: WindowsFontDelegate
Element:945: FileRenderer
Element:946: FileChooserUpFolderIcon
Element:947: ScrollBarListener
Element:948: ScrollPaneBorder
Element:949: MetalBumps
Element:950: MetalDesktopIconUI
Element:951: RolloverButtonBorder
Element:952: FileChooserListViewIcon
Element:953: MetalSplitPaneDivider
Element:954: ButtonBorder
Element:955: FileIcon16
Element:956: CheckBoxMenuItemIcon
Element:957: MetalCheckBoxUI
Element:958: InternalFrameMinimizeIcon
Element:959: FolderIcon16
Element:960: IndentIcon
Element:961: IconifyAction
Element:962: PaletteBorder
Element:963: FilterComboBoxRenderer
Element:964: MetalScrollBarUI
Element:965: DirectoryComboBoxRenderer
Element:966: MetalTitlePaneLayout
Element:967: MouseInputHandler
Element:968: MetalLazyValue
Element:969: TreeHardDriveIcon
Element:970: MetalSliderUI
Element:971: OceanVerticalSliderThumbIcon
Element:972: MetalLayoutStyle
Element:973: CheckBoxIcon
Element:974: RadioButtonMenuItemIcon
Element:975: MetalTextFieldUI
Element:976: MetalFontDesktopProperty
Element:977: IFIcon
Element:978: RadioButtonIcon
Element:979: WarningDialogBorder
Element:980: MetalProgressBarUI
Element:981: PaletteCloseIcon
Element:982: TreeFolderIcon
Element:983: MetalDockingListener
Element:984: MetalPropertyChangeHandler
Element:985: MetalSplitPaneUI
Element:986: OceanDisabledButtonImageFilter
Element:987: PopupMenuBorder
Element:988: AATextListener
Element:989: DefaultMetalTheme
Element:990: FontDelegate
Element:991: LineListener
Element:992: OptionDialogBorder
Element:993: TabbedPaneLayout
Element:994: GradientPainter
Element:995: HorizontalSliderThumbIcon
Element:996: InternalFrameAltMaximizeIcon
Element:997: MetalToggleButtonUI
Element:998: CloseAction
Element:999: MetalMenuBarUI
Diagram: metal
***** Processing package: multi *****
Element:1000: MultiScrollBarUI
Element:1001: MultiDesktopIconUI
Element:1002: MultiDesktopPaneUI
Element:1003: MultiSeparatorUI
Element:1004: MultiRootPaneUI
Element:1005: MultiButtonUI
Element:1006: MultiFileChooserUI
Element:1007: MultiMenuBarUI
Element:1008: MultiPanelUI
Element:1009: MultiTabbedPaneUI
Element:1010: MultiOptionPaneUI
Element:1011: MultiComboBoxUI
Element:1012: MultiTextUI
Element:1013: MultiSpinnerUI
Element:1014: MultiListUI
Element:1015: MultiPopupMenuUI
Element:1016: MultiMenuItemUI
Element:1017: MultiLabelUI
Element:1018: MultiLookAndFeel
Element:1019: MultiViewportUI
Element:1020: MultiTableHeaderUI
Element:1021: MultiToolBarUI
Element:1022: MultiInternalFrameUI
Element:1023: MultiColorChooserUI
Element:1024: MultiScrollPaneUI
Element:1025: MultiTreeUI
Element:1026: MultiSplitPaneUI
Element:1027: MultiProgressBarUI
Element:1028: MultiUIDefaults
Element:1029: MultiTableUI
Element:1030: MultiToolTipUI
Element:1031: MultiSliderUI
Diagram: multi
***** Processing package: nimbus *****
Element:1032: SliderTrackArrowShapeState
Element:1033: CacheMode
Element:1034: InnerShadowEffect
Element:1035: TextFieldPainter
Element:1036: Values
Element:1037: InternalFrameTitlePaneMaximizeButtonWindowNotFocusedState
Element:1038: SliderThumbPainter
Element:1039: InternalFramePainter
Element:1040: SliderTrackPainter
Element:1041: CacheKey
Element:1042: State
Element:1043: TabbedPanePainter
Element:1044: OptionPanePainter
Element:1045: SliderArrowShapeState
Element:1046: PopupMenuPainter
Element:1047: DropShadowEffect
Element:1048: SliderThumbArrowShapeState
Element:1049: PainterBorder
Element:1050: ScrollBarTrackPainter
Element:1051: TableHeaderRendererPainter
Element:1052: ColorTree
Element:1053: ToolBarButtonPainter
Element:1054: TreeCellPainter
Element:1055: MenuItemPainter
Element:1056: ToggleButtonPainter
Element:1057: CheckBoxMenuItemPainter
Element:1058: InternalFrameTitlePanePainter
Element:1059: SpinnerPanelSpinnerFormattedTextFieldPainter
Element:1060: MenuBarMenuPainter
Element:1061: SpinnerNextButtonPainter
Element:1062: TableHeaderPainter
Element:1063: PixelCountSoftReference
Element:1064: InternalFrameTitlePaneCloseButtonWindowNotFocusedState
Element:1065: FormattedTextFieldPainter
Element:1066: NimbusProperty
Element:1067: ToolBarToggleButtonPainter
Element:1068: LinkProperty
Element:1069: ComboBoxPainter
Element:1070: InternalFrameTitlePaneIconifyButtonWindowNotFocusedState
Element:1071: ToolBarPainter
Element:1072: ArrowButtonPainter
Element:1073: DerivedColor
Element:1074: ButtonPainter
Element:1075: InternalFrameTitlePaneCloseButtonPainter
Element:1076: SplitPaneVerticalState
Element:1077: DesktopPanePainter
Element:1078: OptionPaneMessageAreaPainter
Element:1079: Part
Element:1080: UIResource
Element:1081: ImageCache
Element:1082: ScrollBarPainter
Element:1083: TreeCellEditorPainter
Element:1084: InnerGlowEffect
Element:1085: TreePainter
Element:1086: FileChooserPainter
Element:1087: TextAreaNotInScrollPaneState
Element:1088: InternalFrameTitlePaneMaximizeButtonWindowMaximizedState
Element:1089: DefaultsListener
Element:1090: InternalFrameTitlePaneWindowFocusedState
Element:1091: PaintType
Element:1092: ToolBarNorthState
Element:1093: RadioButtonMenuItemPainter
Element:1094: ToolBarWestState
Element:1095: NimbusDefaults
Element:1096: DerivedFont
Element:1097: Effect
Element:1098: ScrollBarButtonPainter
Element:1099: ProgressBarPainter
Element:1100: LoweredBorder
Element:1101: ScrollPanePainter
Element:1102: SynthPainterImpl
Element:1103: OuterGlowEffect
Element:1104: EffectUtils
Element:1105: RuntimeState
Element:1106: ComboBoxArrowButtonPainter
Element:1107: ToolBarSeparatorPainter
Element:1108: TabbedPaneTabPainter
Element:1109: ToolBarEastState
Element:1110: TabbedPaneTabAreaPainter
Element:1111: TextAreaPainter
Element:1112: ArrayCache
Element:1113: ProgressBarFinishedState
Element:1114: ShadowEffect
Element:1115: LazyStyle
Element:1116: InternalFrameTitlePaneMenuButtonPainter
Element:1117: PaintContext
Element:1118: Node
Element:1119: SeparatorPainter
Element:1120: StandardState
Element:1121: PasswordFieldPainter
Element:1122: PopupMenuSeparatorPainter
Element:1123: SplitPaneDividerPainter
Element:1124: SpinnerPainter
Element:1125: InternalFrameTitlePaneIconifyButtonPainter
Element:1126: RadioButtonPainter
Element:1127: NimbusLookAndFeel
Element:1128: SpinnerPreviousButtonPainter
Element:1129: TableHeaderRendererSortedState
Element:1130: InternalFrameTitlePaneMenuButtonWindowNotFocusedState
Element:1131: InternalFrameWindowFocusedState
Element:1132: DesktopIconPainter
Element:1133: ScrollBarThumbPainter
Element:1134: NimbusIcon
Element:1135: EditorPanePainter
Element:1136: ComboBoxTextFieldPainter
Element:1137: TextPanePainter
Element:1138: TableScrollPaneCorner
Element:1139: ProgressBarIndeterminateState
Element:1140: EffectType
Element:1141: LazyPainter
Element:1142: AbstractRegionPainter
Element:1143: InternalFrameTitlePaneMaximizeButtonPainter
Element:1144: MenuPainter
Element:1145: ImageScalingHelper
Element:1146: SplitPaneDividerVerticalState
Element:1147: OptionPaneMessageAreaOptionPaneLabelPainter
Element:1148: ToolTipPainter
Element:1149: ComboBoxArrowButtonEditableState
Element:1150: NimbusStyle
Element:1151: TableEditorPainter
Element:1152: SplitPanePainter
Element:1153: SliderPainter
Element:1154: ToolBarSouthState
Element:1155: MenuBarPainter
Element:1156: ComboBoxEditableState
Element:1157: DefaultsListener
Element:1158: CheckBoxPainter
Diagram: nimbus
***** Processing package: synth *****
Element:1159: PainterInfo
Element:1160: DelegatingPainter
Element:1161: SynthDesktopIconUI
Element:1162: ExpandedIconWrapper
Element:1163: SynthContext
Element:1164: SynthToolBarLayoutManager
Element:1165: SynthProgressBarUI
Element:1166: SynthTabbedPaneUI
Element:1167: EditorFocusHandler
Element:1168: SynthViewportUI
Element:1169: SynthMenuBarUI
Element:1170: SynthPanelUI
Element:1171: SynthScrollPaneUI
Element:1172: ViewportBorder
Element:1173: SynthListCellRenderer
Element:1174: StateInfo
Element:1175: SynthArrowButtonUI
Element:1176: SynthCheckBoxUI
Element:1177: SpinnerLayout
Element:1178: SynthDesktopPaneUI
Element:1179: SynthInternalFrameUI
Element:1180: SynthSliderUI
Element:1181: SynthRadioButtonMenuItemUI
Element:1182: SynthSeparatorUI
Element:1183: SynthTreeCellEditor
Element:1184: SynthStyle
Element:1185: SynthInternalFrameTitlePane
Element:1186: AATextListener
Element:1187: SynthTextAreaUI
Element:1188: SynthPasswordFieldUI
Element:1189: SynthFormattedTextFieldUI
Element:1190: SynthTableHeaderUI
Element:1191: SynthMenuItemLayoutHelper
Element:1192: SynthScrollableTabButton
Element:1193: SynthUI
Element:1194: SynthMenuLayout
Element:1195: SynthTrackListener
Element:1196: ColorType
Element:1197: SynthSplitPaneUI
Element:1198: SynthMenuItemUI
Element:1199: SynthTextFieldUI
Element:1200: SynthComboBoxUI
Element:1201: JPopupMenuUIResource
Element:1202: SynthPainter
Element:1203: ImagePainter
Element:1204: Handler
Element:1205: SynthTreeUI
Element:1206: Handler
Element:1207: LazyImageIcon
Element:1208: SynthButtonUI
Element:1209: SynthToggleButtonUI
Element:1210: SynthSplitPaneDivider
Element:1211: SynthToolTipUI
Element:1212: SynthTableUI
Element:1213: SynthEditorPaneUI
Element:1214: SynthOptionPaneUI
Element:1215: SynthColorChooserUI
Element:1216: SynthBooleanTableCellRenderer
Element:1217: SynthDesktopManager
Element:1218: SynthParser
Element:1219: SynthRootPaneUI
Element:1220: SynthArrowButton
Element:1221: AggregatePainter
Element:1222: SynthComboBoxRenderer
Element:1223: SynthTableCellRenderer
Element:1224: ParsedSynthStyle
Element:1225: Handler
Element:1226: SynthDefaultLookup
Element:1227: SynthTextPaneUI
Element:1228: SynthCheckBoxMenuItemUI
Element:1229: HeaderRenderer
Element:1230: SynthSpinnerUI
Element:1231: EditorFocusHandler
Element:1232: Handler
Element:1233: SynthLabelUI
Element:1234: SynthComboBoxEditor
Element:1235: SynthRadioButtonUI
Element:1236: SynthPopupMenuUI
Element:1237: SynthListUI
Element:1238: SynthScrollBarUI
Element:1239: SynthBorder
Element:1240: TaskBar
Element:1241: SynthIconWrapper
Element:1242: SynthToolBarUI
Element:1243: SynthTitlePaneLayout
Element:1244: SynthLookAndFeel
Element:1245: ViewportViewFocusHandler
Element:1246: SynthMenuUI
Element:1247: SynthConstants
Element:1248: DefaultSynthStyleFactory
Element:1249: ButtonHandler
Element:1250: SynthStyleFactory
Element:1251: SynthTreeCellRenderer
Element:1252: SynthGraphicsUtils
Element:1253: Region
Element:1254: SynthComboPopup
Diagram: synth
***** Processing package: table *****
Element:1255: TableRowSorter
Element:1256: ComparableComparator
Element:1257: AccessibleJTableHeader
Element:1258: DefaultTableColumnModel
Element:1259: AccessibleJTableHeaderEntry
Element:1260: TableCellRenderer
Element:1261: JTableHeader
Element:1262: DefaultTableCellRenderer
Element:1263: TableColumn
Element:1264: DefaultTableModel
Element:1265: TableRowSorterModelWrapper
Element:1266: UIResource
Element:1267: AbstractTableModel
Element:1268: TableModel
Element:1269: TableColumnModel
Element:1270: TableCellEditor
Element:1271: TableStringConverter
Diagram: table
***** Processing package: text *****
Element:1272: MutableAttributeSet
Element:1273: SelectLineAction
Element:1274: SafeScroller
Element:1275: ReadOnlyAction
Element:1276: DefaultCaret
Element:1277: NamedStyle
Element:1278: TabSet
Element:1279: ColorConstants
Element:1280: MarkVector
Element:1281: ZoneView
Element:1282: SectionElement
Element:1283: HighlightPainter
Element:1284: Row
Element:1285: ParagraphConstants
Element:1286: StyledInsertBreakAction
Element:1287: DocumentFilter
Element:1288: PageAction
Element:1289: AbstractElement
Element:1290: TextLayoutStrategy
Element:1291: AbstractDocument
Element:1292: InsertTabAction
Element:1293: NumberFormatter
Element:1294: PasswordView
Element:1295: CachedSegment
Element:1296: FlowStrategy
Element:1297: IconView
Element:1298: LayoutQueue
Element:1299: InsertContentAction
Element:1300: html
Element:1301: SelectWordAction
Element:1302: GlyphPainter2
Element:1303: MarkData
Element:1304: KeyBinding
Element:1305: AttributeTracker
Element:1306: SegmentCache
Element:1307: FlushTask
Element:1308: FontConstants
Element:1309: FieldView
Element:1310: FlowView
Element:1311: DefaultEditorKit
Element:1312: JTextComponent
Element:1313: TabStop
Element:1314: SimpleAttributeSet
Element:1315: InsertBreakAction
Element:1316: DefaultTextUI
Element:1317: AbstractChangeHandler
Element:1318: LowerCaseCharacter
Element:1319: rtf
Element:1320: AlignmentAction
Element:1321: ForegroundAction
Element:1322: DoSetCaretPosition
Element:1323: FontSizeAction
Element:1324: LayeredHighlightInfo
Element:1325: IncrementAction
Element:1326: DefaultFilterBypass
Element:1327: ElementBuffer
Element:1328: GapContent
Element:1329: TabExpander
Element:1330: UpperCaseCharacter
Element:1331: BeginLineAction
Element:1332: UndoRedoDocumentEvent
Element:1333: NextVisualPositionAction
Element:1334: StyledEditorKit
Element:1335: DumpModelAction
Element:1336: JustificationInfo
Element:1337: LayeredHighlighter
Element:1338: SmallAttributeSet
Element:1339: DefaultHighlightPainter
Element:1340: TableRow
Element:1341: DocReference
Element:1342: ComponentView
Element:1343: KeyBuilder
Element:1344: DefaultStyledDocument
Element:1345: PasteAction
Element:1346: ElementIterator
Element:1347: CharacterAttribute
Element:1348: AsyncBoxView
Element:1349: FilterBypass
Element:1350: DefaultFormatter
Element:1351: CutAction
Element:1352: FontFamilyAction
Element:1353: ElemChanges
Element:1354: BidiRootElement
Element:1355: DateFormatter
Element:1356: GapVector
Element:1357: Position
Element:1358: EndAction
Element:1359: StickyPosition
Element:1360: ParagraphAttribute
Element:1361: CharCharacter
Element:1362: Segment
Element:1363: ReplaceHolder
Element:1364: PreviousWordAction
Element:1365: EditorKit
Element:1366: Zone
Element:1367: DeletePrevCharAction
Element:1368: CopyAction
Element:1369: ElementSpec
Element:1370: CompositeView
Element:1371: StyleContextChangeHandler
Element:1372: BadLocationException
Element:1373: DefaultFilterBypass
Element:1374: DeleteNextCharAction
Element:1375: BeginParagraphAction
Element:1376: BeginWordAction
Element:1377: MutableCaretEvent
Element:1378: ExtendedReplaceHolder
Element:1379: WritableAction
Element:1380: EndWordAction
Element:1381: ChangedCharSetException
Element:1382: Keymap
Element:1383: ViewFactory
Element:1384: StyleChangeUndoableEdit
Element:1385: KeymapWrapper
Element:1386: BoldAction
Element:1387: InsertUndo
Element:1388: CharacterConstants
Element:1389: UndoPosRef
Element:1390: EmptyAttributeSet
Element:1391: StyledViewFactory
Element:1392: Content
Element:1393: BranchElement
Element:1394: ColorAttribute
Element:1395: Highlighter
Element:1396: LogicalView
Element:1397: WhitespaceBasedBreakIterator
Element:1398: Bias
Element:1399: BeepAction
Element:1400: StackItem
Element:1401: AttributedSegment
Element:1402: RemoveUndo
Element:1403: LeafElement
Element:1404: TextAction
Element:1405: EndLineAction
Element:1406: DefaultDocumentEvent
Element:1407: RemoveUndo
Element:1408: GlyphView
Element:1409: TabableView
Element:1410: AbstractWriter
Element:1411: StringContent
Element:1412: ItalicAction
Element:1413: AttributeContext
Element:1414: NavigationFilter
Element:1415: HexCharacter
Element:1416: WrappedLine
Element:1417: DefaultKeyTypedAction
Element:1418: SelectAllAction
Element:1419: GlyphPainter1
Element:1420: Utilities
Element:1421: Element
Element:1422: GlyphPainter
Element:1423: InternationalFormatter
Element:1424: GridCell
Element:1425: Document
Element:1426: HighlightInfo
Element:1427: UndoPosRef
Element:1428: ChildState
Element:1429: StyledDocument
Element:1430: MaskCharacter
Element:1431: ChangeUpdateRunnable
Element:1432: ToggleComponentOrientationAction
Element:1433: LayoutThread
Element:1434: PlainDocument
Element:1435: SelectParagraphAction
Element:1436: PosRec
Element:1437: Highlight
Element:1438: DefaultNavigationFilter
Element:1439: VerticalPageAction
Element:1440: ElementEdit
Element:1441: UnselectAction
Element:1442: LabelView
Element:1443: InputMethodRequestsHandler
Element:1444: AttributeSet
Element:1445: View
Element:1446: BeginAction
Element:1447: ComposedTextCaret
Element:1448: TableView
Element:1449: DefaultTransferHandler
Element:1450: PlainView
Element:1451: StyleChangeHandler
Element:1452: DropLocation
Element:1453: AlphaNumericCharacter
Element:1454: DefaultHighlighter
Element:1455: FontAttribute
Element:1456: StyleContext
Element:1457: KeymapActionMap
Element:1458: InsertUndo
Element:1459: DeleteWordAction
Element:1460: FontKey
Element:1461: AttributeUndoableEdit
Element:1462: AccessibleJTextComponent
Element:1463: LayerPainter
Element:1464: ChildLocator
Element:1465: EndParagraphAction
Element:1466: NextWordAction
Element:1467: StateInvariantError
Element:1468: TableCell
Element:1469: DefaultFormatterFactory
Element:1470: BoxView
Element:1471: DigitMaskCharacter
Element:1472: KeyEnumeration
Element:1473: Invalidator
Element:1474: MaskFormatter
Element:1475: BidiElement
Element:1476: StyleConstants
Element:1477: Style
Element:1478: StyledTextAction
Element:1479: FilterBypass
Element:1480: UnderlineAction
Element:1481: IndexedSegment
Element:1482: ParagraphView
Element:1483: SafeDamager
Element:1484: Handler
Element:1485: Caret
Element:1486: DefaultDocumentFilter
Element:1487: LiteralCharacter
Element:1488: StickyPosition
Element:1489: DefaultKeymap
Element:1490: WrappedPlainView
Diagram: text
***** Processing package: html *****
Element:1491: FrameSetView
Element:1492: FixedLengthDocument
Element:1493: FontFamily
Element:1494: HTMLFactory
Element:1495: SmallConversionSet
Element:1496: StringValue
Element:1497: HTMLTextAction
Element:1498: LinkController
Element:1499: HTMLEditorKit
Element:1500: CommentView
Element:1501: StartTagBorder
Element:1502: TableCellElementInfo
Element:1503: RunElement
Element:1504: FormAction
Element:1505: HRuleView
Element:1506: DefaultRegionContainment
Element:1507: BorderWidthValue
Element:1508: CSS
Element:1509: HTMLReader
Element:1510: TableView
Element:1511: RegionContainment
Element:1512: BlockView
Element:1513: TableRowElementInfo
Element:1514: BorderPainter
Element:1515: ConvertAction
Element:1516: AccessibleHTML
Element:1517: ListView
Element:1518: DoublePainter
Element:1519: LargeConversionSet
Element:1520: Option
Element:1521: ObjectView
Element:1522: TaggedAttributeSet
Element:1523: ColorValue
Element:1524: IndexedSegment
Element:1525: CharacterAction
Element:1526: EndTagBorder
Element:1527: NoFramesView
Element:1528: TextAreaDocument
Element:1529: FormTagAction
Element:1530: Map
Element:1531: OptionComboBoxModel
Element:1532: ParserCallback
Element:1533: IconAccessibleContext
Element:1534: HiddenAction
Element:1535: BorderStyle
Element:1536: ShadowLightPainter
Element:1537: ShorthandBorderParser
Element:1538: DocumentHandler
Element:1539: MapAction
Element:1540: BrowseFileAction
Element:1541: SpecialAction
Element:1542: ShorthandBackgroundParser
Element:1543: RowIterator
Element:1544: TextAccessibleContext
Element:1545: HTMLFrameHyperlinkEvent
Element:1546: ResolvedStyle
Element:1547: ImageHandler
Element:1548: ParagraphAction
Element:1549: BackgroundImage
Element:1550: Attribute
Element:1551: ParagraphView
Element:1552: ImageLabelView
Element:1553: ElementInfo
Element:1554: InlineView
Element:1555: StyleSheet
Element:1556: MouseEventListener
Element:1557: Tag
Element:1558: AccessibleHeadersTable
Element:1559: TableAccessibleContext
Element:1560: HeadAction
Element:1561: CommentBorder
Element:1562: ImageView
Element:1563: CssParser
Element:1564: CircleRegionContainment
Element:1565: MethodType
Element:1566: Parser
Element:1567: MuxingAttributeSet
Element:1568: RectangleRegionContainment
Element:1569: NavigateLinkAction
Element:1570: BodyBlockView
Element:1571: ListPainter
Element:1572: LinkAction
Element:1573: SearchBuffer
Element:1574: GrooveRidgePainter
Element:1575: LeafIterator
Element:1576: FocusHighlightPainter
Element:1577: MuxingAttributeNameEnumeration
Element:1578: HTMLDocument
Element:1579: HTML
Element:1580: FormSubmitEvent
Element:1581: SelectorMapping
Element:1582: BeginAction
Element:1583: SolidPainter
Element:1584: BlockElement
Element:1585: CellView
Element:1586: ActivateLinkAction
Element:1587: NullPainter
Element:1588: FontSize
Element:1589: EditableView
Element:1590: DottedDashedPainter
Element:1591: TextElementInfo
Element:1592: PreAction
Element:1593: PropertyChangeHandler
Element:1594: Iterator
Element:1595: BoxPainter
Element:1596: HTMLAccessibleContext
Element:1597: StyleAction
Element:1598: UnknownTag
Element:1599: OptionListModel
Element:1600: MinimalHTMLWriter
Element:1601: FrameEditorPane
Element:1602: LengthUnit
Element:1603: TableElementInfo
Element:1604: FormView
Element:1605: TagAction
Element:1606: Attribute
Element:1607: AreaAction
Element:1608: IconElementInfo
Element:1609: AnchorAction
Element:1610: IsindexAction
Element:1611: InsertHRAction
Element:1612: LineView
Element:1613: ColumnIterator
Element:1614: LengthValue
Element:1615: HTMLWriter
Element:1616: PolygonRegionContainment
Element:1617: ShorthandMarginParser
Element:1618: ViewAttributeSet
Element:1619: ObjectAction
Element:1620: CSSBorder
Element:1621: BlockAction
Element:1622: parser
Element:1623: BackgroundPosition
Element:1624: LayoutIterator
Element:1625: ResourceLoader
Element:1626: BaseAction
Element:1627: ShorthandFontParser
Element:1628: HorizontalMargin
Element:1629: TitleAction
Element:1630: InsertHTMLTextAction
Element:1631: BRView
Element:1632: FontWeight
Element:1633: RowView
Element:1634: MetaAction
Element:1635: CssValue
Element:1636: FrameView
Element:1637: InsetOutsetPainter
Element:1638: CssValueMapper
Element:1639: StrokePainter
Element:1640: IsindexView
Element:1641: Value
Element:1642: HiddenTagView
Element:1643: RootHTMLAccessibleContext
Element:1644: CSSParserCallback
Element:1645: CSSParser
Element:1646: BackgroundImagePainter
Diagram: html
***** Processing package: parser *****
Element:1647: DTD
Element:1648: TagStack
Element:1649: ResourceLoader
Element:1650: ContentModelState
Element:1651: AttributeList
Element:1652: NPrintWriter
Element:1653: TagElement
Element:1654: ContentModel
Element:1655: DocumentParser
Element:1656: Element
Element:1657: Entity
Element:1658: Parser
Element:1659: DTDConstants
Element:1660: ParserDelegator
Diagram: parser
***** Processing package: rtf *****
Element:1661: StylesheetDestination
Element:1662: TextHandlingDestination
Element:1663: RTFGenerator
Element:1664: RTFEditorKit
Element:1665: RTFReader
Element:1666: RTFParser
Element:1667: DocumentDestination
Element:1668: RTFAttributes
Element:1669: RTFAttribute
Element:1670: AssertiveAttribute
Element:1671: GenericAttribute
Element:1672: Destination
Element:1673: InfoDestination
Element:1674: AttributeTrackingDestination
Element:1675: CharacterKeywordPair
Element:1676: FonttblDestination
Element:1677: MockAttributeSet
Element:1678: AbstractFilter
Element:1679: NumericAttribute
Element:1680: StyleDefiningDestination
Element:1681: BooleanAttribute
Element:1682: ColortblDestination
Element:1683: DiscardingDestination
Element:1684: Constants
Diagram: rtf
***** Processing package: tree *****
Element:1685: FHTreeStateNode
Element:1686: DefaultMutableTreeNode
Element:1687: ExpandVetoException
Element:1688: DefaultTreeCellRenderer
Element:1689: NodeDimensions
Element:1690: TreeNode
Element:1691: PathPlaceHolder
Element:1692: VisibleFHTreeStateNodeEnumeration
Element:1693: DefaultTreeCellEditor
Element:1694: FixedHeightLayoutCache
Element:1695: DefaultTreeModel
Element:1696: PostorderEnumeration
Element:1697: TreeCellRenderer
Element:1698: SearchInfo
Element:1699: BreadthFirstEnumeration
Element:1700: PathBetweenNodesEnumeration
Element:1701: MutableTreeNode
Element:1702: DefaultTextField
Element:1703: EditorContainer
Element:1704: TreeCellEditor
Element:1705: TreeModel
Element:1706: RowMapper
Element:1707: Queue
Element:1708: PreorderEnumeration
Element:1709: TreeSelectionModel
Element:1710: TreePath
Element:1711: QNode
Element:1712: VariableHeightLayoutCache
Element:1713: TreeStateNode
Element:1714: DefaultTreeSelectionModel
Element:1715: AbstractLayoutCache
Element:1716: VisibleTreeStateNodeEnumeration
Diagram: tree
***** Processing package: undo *****
Element:1717: CompoundEdit
Element:1718: StateEditable
Element:1719: AbstractUndoableEdit
Element:1720: CannotUndoException
Element:1721: UndoManager
Element:1722: UndoableEditSupport
Element:1723: UndoableEdit
Element:1724: StateEdit
Element:1725: CannotRedoException
Diagram: undo
Formatting output XML...please wait
XMI Document Export Complete!
